<?xml version="1.0" encoding="UTF-8"?>
<testsuite xmlns:xsi="http://www.w3.org/2001/XMLSchema-instance" xsi:noNamespaceSchemaLocation="https://maven.apache.org/surefire/maven-surefire-plugin/xsd/surefire-test-report.xsd" name="com.zhou.ZhSpringBootApplicationTests" time="10.829" tests="1" errors="1" skipped="0" failures="0">
  <properties>
[...]
</properties>
  <testcase name="contextLoads" classname="com.zhou.ZhSpringBootApplicationTests" time="0.007">
    <error message="Failed to load ApplicationContext" type="java.lang.IllegalStateException">java.lang.IllegalStateException: Failed to load ApplicationContext
Caused by: org.springframework.beans.factory.UnsatisfiedDependencyException: Error creating bean with name 'myAuthentication': Unsatisfied dependency expressed through field 'clientDetailsService'; nested exception is org.springframework.beans.factory.UnsatisfiedDependencyException: Error creating bean with name 'myAuthorizationServerConfigurerAdapter': Unsatisfied dependency expressed through field 'authenticationManager'; nested exception is org.springframework.beans.factory.UnsatisfiedDependencyException: Error creating bean with name 'websecurityConfig': Unsatisfied dependency expressed through field 'userDetailsService'; nested exception is org.springframework.beans.factory.UnsatisfiedDependencyException: Error creating bean with name 'myUserDetailsService': Unsatisfied dependency expressed through field 'userDao'; nested exception is org.springframework.beans.factory.UnsatisfiedDependencyException: Error creating bean with name 'userDao' defined in file [D:\wh\zh-server\target\classes\com\zhou\dao\UserDao.class]: Unsatisfied dependency expressed through bean property 'sqlSessionFactory'; nested exception is org.springframework.beans.factory.BeanCreationException: Error creating bean with name 'sqlSessionFactory' defined in class path resource [org/mybatis/spring/boot/autoconfigure/MybatisAutoConfiguration.class]: Bean instantiation via factory method failed; nested exception is org.springframework.beans.BeanInstantiationException: Failed to instantiate [org.apache.ibatis.session.SqlSessionFactory]: Factory method 'sqlSessionFactory' threw exception; nested exception is org.springframework.core.NestedIOException: Failed to parse mapping resource: 'file [D:\wh\zh-server\target\classes\mybatis\mapper\MenuMapper.xml]'; nested exception is org.apache.ibatis.builder.BuilderException: Error parsing Mapper XML. Cause: org.apache.ibatis.builder.BuilderException: Error resolving class. Cause: org.apache.ibatis.type.TypeException: Could not resolve type alias 'com.wanghuan.model.sys.MenuEntity'.  Cause: java.lang.ClassNotFoundException: Cannot find class: com.wanghuan.model.sys.MenuEntity
Caused by: org.springframework.beans.factory.UnsatisfiedDependencyException: Error creating bean with name 'myAuthorizationServerConfigurerAdapter': Unsatisfied dependency expressed through field 'authenticationManager'; nested exception is org.springframework.beans.factory.UnsatisfiedDependencyException: Error creating bean with name 'websecurityConfig': Unsatisfied dependency expressed through field 'userDetailsService'; nested exception is org.springframework.beans.factory.UnsatisfiedDependencyException: Error creating bean with name 'myUserDetailsService': Unsatisfied dependency expressed through field 'userDao'; nested exception is org.springframework.beans.factory.UnsatisfiedDependencyException: Error creating bean with name 'userDao' defined in file [D:\wh\zh-server\target\classes\com\zhou\dao\UserDao.class]: Unsatisfied dependency expressed through bean property 'sqlSessionFactory'; nested exception is org.springframework.beans.factory.BeanCreationException: Error creating bean with name 'sqlSessionFactory' defined in class path resource [org/mybatis/spring/boot/autoconfigure/MybatisAutoConfiguration.class]: Bean instantiation via factory method failed; nested exception is org.springframework.beans.BeanInstantiationException: Failed to instantiate [org.apache.ibatis.session.SqlSessionFactory]: Factory method 'sqlSessionFactory' threw exception; nested exception is org.springframework.core.NestedIOException: Failed to parse mapping resource: 'file [D:\wh\zh-server\target\classes\mybatis\mapper\MenuMapper.xml]'; nested exception is org.apache.ibatis.builder.BuilderException: Error parsing Mapper XML. Cause: org.apache.ibatis.builder.BuilderException: Error resolving class. Cause: org.apache.ibatis.type.TypeException: Could not resolve type alias 'com.wanghuan.model.sys.MenuEntity'.  Cause: java.lang.ClassNotFoundException: Cannot find class: com.wanghuan.model.sys.MenuEntity
Caused by: org.springframework.beans.factory.UnsatisfiedDependencyException: Error creating bean with name 'websecurityConfig': Unsatisfied dependency expressed through field 'userDetailsService'; nested exception is org.springframework.beans.factory.UnsatisfiedDependencyException: Error creating bean with name 'myUserDetailsService': Unsatisfied dependency expressed through field 'userDao'; nested exception is org.springframework.beans.factory.UnsatisfiedDependencyException: Error creating bean with name 'userDao' defined in file [D:\wh\zh-server\target\classes\com\zhou\dao\UserDao.class]: Unsatisfied dependency expressed through bean property 'sqlSessionFactory'; nested exception is org.springframework.beans.factory.BeanCreationException: Error creating bean with name 'sqlSessionFactory' defined in class path resource [org/mybatis/spring/boot/autoconfigure/MybatisAutoConfiguration.class]: Bean instantiation via factory method failed; nested exception is org.springframework.beans.BeanInstantiationException: Failed to instantiate [org.apache.ibatis.session.SqlSessionFactory]: Factory method 'sqlSessionFactory' threw exception; nested exception is org.springframework.core.NestedIOException: Failed to parse mapping resource: 'file [D:\wh\zh-server\target\classes\mybatis\mapper\MenuMapper.xml]'; nested exception is org.apache.ibatis.builder.BuilderException: Error parsing Mapper XML. Cause: org.apache.ibatis.builder.BuilderException: Error resolving class. Cause: org.apache.ibatis.type.TypeException: Could not resolve type alias 'com.wanghuan.model.sys.MenuEntity'.  Cause: java.lang.ClassNotFoundException: Cannot find class: com.wanghuan.model.sys.MenuEntity
Caused by: org.springframework.beans.factory.UnsatisfiedDependencyException: Error creating bean with name 'myUserDetailsService': Unsatisfied dependency expressed through field 'userDao'; nested exception is org.springframework.beans.factory.UnsatisfiedDependencyException: Error creating bean with name 'userDao' defined in file [D:\wh\zh-server\target\classes\com\zhou\dao\UserDao.class]: Unsatisfied dependency expressed through bean property 'sqlSessionFactory'; nested exception is org.springframework.beans.factory.BeanCreationException: Error creating bean with name 'sqlSessionFactory' defined in class path resource [org/mybatis/spring/boot/autoconfigure/MybatisAutoConfiguration.class]: Bean instantiation via factory method failed; nested exception is org.springframework.beans.BeanInstantiationException: Failed to instantiate [org.apache.ibatis.session.SqlSessionFactory]: Factory method 'sqlSessionFactory' threw exception; nested exception is org.springframework.core.NestedIOException: Failed to parse mapping resource: 'file [D:\wh\zh-server\target\classes\mybatis\mapper\MenuMapper.xml]'; nested exception is org.apache.ibatis.builder.BuilderException: Error parsing Mapper XML. Cause: org.apache.ibatis.builder.BuilderException: Error resolving class. Cause: org.apache.ibatis.type.TypeException: Could not resolve type alias 'com.wanghuan.model.sys.MenuEntity'.  Cause: java.lang.ClassNotFoundException: Cannot find class: com.wanghuan.model.sys.MenuEntity
Caused by: org.springframework.beans.factory.UnsatisfiedDependencyException: Error creating bean with name 'userDao' defined in file [D:\wh\zh-server\target\classes\com\zhou\dao\UserDao.class]: Unsatisfied dependency expressed through bean property 'sqlSessionFactory'; nested exception is org.springframework.beans.factory.BeanCreationException: Error creating bean with name 'sqlSessionFactory' defined in class path resource [org/mybatis/spring/boot/autoconfigure/MybatisAutoConfiguration.class]: Bean instantiation via factory method failed; nested exception is org.springframework.beans.BeanInstantiationException: Failed to instantiate [org.apache.ibatis.session.SqlSessionFactory]: Factory method 'sqlSessionFactory' threw exception; nested exception is org.springframework.core.NestedIOException: Failed to parse mapping resource: 'file [D:\wh\zh-server\target\classes\mybatis\mapper\MenuMapper.xml]'; nested exception is org.apache.ibatis.builder.BuilderException: Error parsing Mapper XML. Cause: org.apache.ibatis.builder.BuilderException: Error resolving class. Cause: org.apache.ibatis.type.TypeException: Could not resolve type alias 'com.wanghuan.model.sys.MenuEntity'.  Cause: java.lang.ClassNotFoundException: Cannot find class: com.wanghuan.model.sys.MenuEntity
Caused by: org.springframework.beans.factory.BeanCreationException: Error creating bean with name 'sqlSessionFactory' defined in class path resource [org/mybatis/spring/boot/autoconfigure/MybatisAutoConfiguration.class]: Bean instantiation via factory method failed; nested exception is org.springframework.beans.BeanInstantiationException: Failed to instantiate [org.apache.ibatis.session.SqlSessionFactory]: Factory method 'sqlSessionFactory' threw exception; nested exception is org.springframework.core.NestedIOException: Failed to parse mapping resource: 'file [D:\wh\zh-server\target\classes\mybatis\mapper\MenuMapper.xml]'; nested exception is org.apache.ibatis.builder.BuilderException: Error parsing Mapper XML. Cause: org.apache.ibatis.builder.BuilderException: Error resolving class. Cause: org.apache.ibatis.type.TypeException: Could not resolve type alias 'com.wanghuan.model.sys.MenuEntity'.  Cause: java.lang.ClassNotFoundException: Cannot find class: com.wanghuan.model.sys.MenuEntity
Caused by: org.springframework.beans.BeanInstantiationException: Failed to instantiate [org.apache.ibatis.session.SqlSessionFactory]: Factory method 'sqlSessionFactory' threw exception; nested exception is org.springframework.core.NestedIOException: Failed to parse mapping resource: 'file [D:\wh\zh-server\target\classes\mybatis\mapper\MenuMapper.xml]'; nested exception is org.apache.ibatis.builder.BuilderException: Error parsing Mapper XML. Cause: org.apache.ibatis.builder.BuilderException: Error resolving class. Cause: org.apache.ibatis.type.TypeException: Could not resolve type alias 'com.wanghuan.model.sys.MenuEntity'.  Cause: java.lang.ClassNotFoundException: Cannot find class: com.wanghuan.model.sys.MenuEntity
Caused by: org.springframework.core.NestedIOException: Failed to parse mapping resource: 'file [D:\wh\zh-server\target\classes\mybatis\mapper\MenuMapper.xml]'; nested exception is org.apache.ibatis.builder.BuilderException: Error parsing Mapper XML. Cause: org.apache.ibatis.builder.BuilderException: Error resolving class. Cause: org.apache.ibatis.type.TypeException: Could not resolve type alias 'com.wanghuan.model.sys.MenuEntity'.  Cause: java.lang.ClassNotFoundException: Cannot find class: com.wanghuan.model.sys.MenuEntity
Caused by: org.apache.ibatis.builder.BuilderException: Error parsing Mapper XML. Cause: org.apache.ibatis.builder.BuilderException: Error resolving class. Cause: org.apache.ibatis.type.TypeException: Could not resolve type alias 'com.wanghuan.model.sys.MenuEntity'.  Cause: java.lang.ClassNotFoundException: Cannot find class: com.wanghuan.model.sys.MenuEntity
Caused by: org.apache.ibatis.builder.BuilderException: Error resolving class. Cause: org.apache.ibatis.type.TypeException: Could not resolve type alias 'com.wanghuan.model.sys.MenuEntity'.  Cause: java.lang.ClassNotFoundException: Cannot find class: com.wanghuan.model.sys.MenuEntity
Caused by: org.apache.ibatis.type.TypeException: Could not resolve type alias 'com.wanghuan.model.sys.MenuEntity'.  Cause: java.lang.ClassNotFoundException: Cannot find class: com.wanghuan.model.sys.MenuEntity
Caused by: java.lang.ClassNotFoundException: Cannot find class: com.wanghuan.model.sys.MenuEntity
</error>
    <system-out><![CDATA[15:26:21.002 [main] DEBUG org.springframework.test.context.junit4.SpringJUnit4ClassRunner - SpringJUnit4ClassRunner constructor called with [class com.zhou.ZhSpringBootApplicationTests]
15:26:21.011 [main] DEBUG org.springframework.test.context.BootstrapUtils - Instantiating CacheAwareContextLoaderDelegate from class [org.springframework.test.context.cache.DefaultCacheAwareContextLoaderDelegate]
15:26:21.020 [main] DEBUG org.springframework.test.context.BootstrapUtils - Instantiating BootstrapContext using constructor [public org.springframework.test.context.support.DefaultBootstrapContext(java.lang.Class,org.springframework.test.context.CacheAwareContextLoaderDelegate)]
15:26:21.036 [main] DEBUG org.springframework.test.context.BootstrapUtils - Instantiating TestContextBootstrapper for test class [com.zhou.ZhSpringBootApplicationTests] from class [org.springframework.boot.test.context.SpringBootTestContextBootstrapper]
15:26:21.092 [main] INFO org.springframework.boot.test.context.SpringBootTestContextBootstrapper - Neither @ContextConfiguration nor @ContextHierarchy found for test class [com.zhou.ZhSpringBootApplicationTests], using SpringBootContextLoader
15:26:21.097 [main] DEBUG org.springframework.test.context.support.AbstractContextLoader - Did not detect default resource location for test class [com.zhou.ZhSpringBootApplicationTests]: class path resource [com/zhou/ZhSpringBootApplicationTests-context.xml] does not exist
15:26:21.099 [main] DEBUG org.springframework.test.context.support.AbstractContextLoader - Did not detect default resource location for test class [com.zhou.ZhSpringBootApplicationTests]: class path resource [com/zhou/ZhSpringBootApplicationTestsContext.groovy] does not exist
15:26:21.099 [main] INFO org.springframework.test.context.support.AbstractContextLoader - Could not detect default resource locations for test class [com.zhou.ZhSpringBootApplicationTests]: no resource found for suffixes {-context.xml, Context.groovy}.
15:26:21.101 [main] INFO org.springframework.test.context.support.AnnotationConfigContextLoaderUtils - Could not detect default configuration classes for test class [com.zhou.ZhSpringBootApplicationTests]: ZhSpringBootApplicationTests does not declare any static, non-private, non-final, nested classes annotated with @Configuration.
15:26:21.183 [main] DEBUG org.springframework.test.context.support.ActiveProfilesUtils - Could not find an 'annotation declaring class' for annotation type [org.springframework.test.context.ActiveProfiles] and class [com.zhou.ZhSpringBootApplicationTests]
15:26:21.195 [main] DEBUG org.springframework.core.env.StandardEnvironment - Adding PropertySource 'systemProperties' with lowest search precedence
15:26:21.195 [main] DEBUG org.springframework.core.env.StandardEnvironment - Adding PropertySource 'systemEnvironment' with lowest search precedence
15:26:21.196 [main] DEBUG org.springframework.core.env.StandardEnvironment - Initialized StandardEnvironment with PropertySources [MapPropertySource@1059063940 {name='systemProperties', properties={idea.version=2018.3.5, java.runtime.name=Java(TM) SE Runtime Environment, sun.boot.library.path=C:\Java\jdk1.8.0_131\jre\bin, java.vm.version=25.131-b11, java.vm.vendor=Oracle Corporation, java.vendor.url=http://java.oracle.com/, path.separator=;, java.vm.name=Java HotSpot(TM) 64-Bit Server VM, file.encoding.pkg=sun.io, user.country=CN, user.script=, sun.java.launcher=SUN_STANDARD, sun.os.patch.level=, java.vm.specification.name=Java Virtual Machine Specification, user.dir=D:\wh\zh-server, java.runtime.version=1.8.0_131-b11, basedir=D:\wh\zh-server, java.awt.graphicsenv=sun.awt.Win32GraphicsEnvironment, java.endorsed.dirs=C:\Java\jdk1.8.0_131\jre\lib\endorsed, os.arch=amd64, surefire.real.class.path=C:\Users\ADMINI~1\AppData\Local\Temp\surefire4470918855585211707\surefirebooter2128939748589922105.jar, java.io.tmpdir=C:\Users\ADMINI~1\AppData\Local\Temp\, line.separator=
, java.vm.specification.vendor=Oracle Corporation, user.variant=, os.name=Windows 10, sun.jnu.encoding=GBK, java.library.path=C:\Java\jdk1.8.0_131\jre\bin;C:\WINDOWS\Sun\Java\bin;C:\WINDOWS\system32;C:\WINDOWS;C:\Program Files (x86)\Common Files\Oracle\Java\javapath;C:\ProgramData\Oracle\Java\javapath;D:\app\Administrator\product\11.2.0\dbhome_1\bin;C:\WINDOWS\system32;C:\WINDOWS;C:\WINDOWS\System32\Wbem;C:\WINDOWS\System32\WindowsPowerShell\v1.0\;C:\WINDOWS\System32\OpenSSH\;C:\Java\jdk1.8.0_131\bin;D:\MATLAB\R2016b\runtime\win64;D:\MATLAB\R2016b\bin;D:\MATLAB\R2016b\polyspace\bin;D:\MATLAB\R2016b\bin\win64;C:\Program Files\Git\cmd;C:\Program Files\TortoiseGit\bin;C:\Users\Administrator\AppData\Local\Microsoft\WindowsApps;;., surefire.test.class.path=D:\wh\zh-server\target\test-classes;D:\wh\zh-server\target\classes;D:\workspaces_idea\Maven\maven_repository\org\springframework\cloud\spring-cloud-starter-oauth2\2.0.0.M1\spring-cloud-starter-oauth2-2.0.0.M1.jar;D:\workspaces_idea\Maven\maven_repository\org\springframework\security\oauth\spring-security-oauth2\2.1.1.RELEASE\spring-security-oauth2-2.1.1.RELEASE.jar;D:\workspaces_idea\Maven\maven_repository\org\springframework\spring-beans\5.0.2.RELEASE\spring-beans-5.0.2.RELEASE.jar;D:\workspaces_idea\Maven\maven_repository\org\springframework\spring-context\5.0.2.RELEASE\spring-context-5.0.2.RELEASE.jar;D:\workspaces_idea\Maven\maven_repository\org\springframework\security\spring-security-core\5.0.0.RELEASE\spring-security-core-5.0.0.RELEASE.jar;D:\workspaces_idea\Maven\maven_repository\org\springframework\security\spring-security-config\5.0.0.RELEASE\spring-security-config-5.0.0.RELEASE.jar;D:\workspaces_idea\Maven\maven_repository\org\springframework\security\spring-security-web\5.0.0.RELEASE\spring-security-web-5.0.0.RELEASE.jar;D:\workspaces_idea\Maven\maven_repository\commons-codec\commons-codec\1.11\commons-codec-1.11.jar;D:\workspaces_idea\Maven\maven_repository\org\codehaus\jackson\jackson-mapper-asl\1.9.13\jackson-mapper-asl-1.9.13.jar;D:\workspaces_idea\Maven\maven_repository\org\codehaus\jackson\jackson-core-asl\1.9.13\jackson-core-asl-1.9.13.jar;D:\workspaces_idea\Maven\maven_repository\org\springframework\security\spring-security-jwt\1.0.8.RELEASE\spring-security-jwt-1.0.8.RELEASE.jar;D:\workspaces_idea\Maven\maven_repository\org\bouncycastle\bcpkix-jdk15on\1.56\bcpkix-jdk15on-1.56.jar;D:\workspaces_idea\Maven\maven_repository\org\bouncycastle\bcprov-jdk15on\1.56\bcprov-jdk15on-1.56.jar;D:\workspaces_idea\Maven\maven_repository\org\springframework\cloud\spring-cloud-starter-security\2.0.0.M1\spring-cloud-starter-security-2.0.0.M1.jar;D:\workspaces_idea\Maven\maven_repository\org\springframework\cloud\spring-cloud-starter\2.0.0.M5\spring-cloud-starter-2.0.0.M5.jar;D:\workspaces_idea\Maven\maven_repository\org\springframework\cloud\spring-cloud-context\2.0.0.M5\spring-cloud-context-2.0.0.M5.jar;D:\workspaces_idea\Maven\maven_repository\org\springframework\security\spring-security-crypto\5.0.0.RELEASE\spring-security-crypto-5.0.0.RELEASE.jar;D:\workspaces_idea\Maven\maven_repository\org\springframework\cloud\spring-cloud-commons\2.0.0.M5\spring-cloud-commons-2.0.0.M5.jar;D:\workspaces_idea\Maven\maven_repository\org\apache\httpcomponents\httpclient\4.5.3\httpclient-4.5.3.jar;D:\workspaces_idea\Maven\maven_repository\org\apache\httpcomponents\httpcore\4.4.8\httpcore-4.4.8.jar;D:\workspaces_idea\Maven\maven_repository\org\springframework\security\spring-security-rsa\1.0.5.RELEASE\spring-security-rsa-1.0.5.RELEASE.jar;D:\workspaces_idea\Maven\maven_repository\org\springframework\boot\spring-boot-starter-actuator\2.0.0.M7\spring-boot-starter-actuator-2.0.0.M7.jar;D:\workspaces_idea\Maven\maven_repository\org\springframework\boot\spring-boot-actuator-autoconfigure\2.0.0.M7\spring-boot-actuator-autoconfigure-2.0.0.M7.jar;D:\workspaces_idea\Maven\maven_repository\org\springframework\boot\spring-boot-actuator\2.0.0.M7\spring-boot-actuator-2.0.0.M7.jar;D:\workspaces_idea\Maven\maven_repository\io\micrometer\micrometer-core\1.0.0-rc.5\micrometer-core-1.0.0-rc.5.jar;D:\workspaces_idea\Maven\maven_repository\org\hdrhistogram\HdrHistogram\2.1.10\HdrHistogram-2.1.10.jar;D:\workspaces_idea\Maven\maven_repository\org\latencyutils\LatencyUtils\2.0.3\LatencyUtils-2.0.3.jar;D:\workspaces_idea\Maven\maven_repository\org\springframework\cloud\spring-cloud-security\2.0.0.M1\spring-cloud-security-2.0.0.M1.jar;D:\workspaces_idea\Maven\maven_repository\org\springframework\boot\spring-boot-starter-security\2.0.0.M7\spring-boot-starter-security-2.0.0.M7.jar;D:\workspaces_idea\Maven\maven_repository\org\springframework\boot\spring-boot-starter-data-redis\2.0.0.M7\spring-boot-starter-data-redis-2.0.0.M7.jar;D:\workspaces_idea\Maven\maven_repository\org\springframework\boot\spring-boot-starter\2.0.0.M7\spring-boot-starter-2.0.0.M7.jar;D:\workspaces_idea\Maven\maven_repository\org\springframework\boot\spring-boot\2.0.0.M7\spring-boot-2.0.0.M7.jar;D:\workspaces_idea\Maven\maven_repository\org\springframework\boot\spring-boot-autoconfigure\2.0.0.M7\spring-boot-autoconfigure-2.0.0.M7.jar;D:\workspaces_idea\Maven\maven_repository\org\springframework\boot\spring-boot-starter-logging\2.0.0.M7\spring-boot-starter-logging-2.0.0.M7.jar;D:\workspaces_idea\Maven\maven_repository\ch\qos\logback\logback-classic\1.2.3\logback-classic-1.2.3.jar;D:\workspaces_idea\Maven\maven_repository\ch\qos\logback\logback-core\1.2.3\logback-core-1.2.3.jar;D:\workspaces_idea\Maven\maven_repository\org\apache\logging\log4j\log4j-to-slf4j\2.10.0\log4j-to-slf4j-2.10.0.jar;D:\workspaces_idea\Maven\maven_repository\org\apache\logging\log4j\log4j-api\2.10.0\log4j-api-2.10.0.jar;D:\workspaces_idea\Maven\maven_repository\org\slf4j\jul-to-slf4j\1.7.25\jul-to-slf4j-1.7.25.jar;D:\workspaces_idea\Maven\maven_repository\javax\annotation\javax.annotation-api\1.3.1\javax.annotation-api-1.3.1.jar;D:\workspaces_idea\Maven\maven_repository\org\yaml\snakeyaml\1.19\snakeyaml-1.19.jar;D:\workspaces_idea\Maven\maven_repository\org\springframework\data\spring-data-redis\2.0.2.RELEASE\spring-data-redis-2.0.2.RELEASE.jar;D:\workspaces_idea\Maven\maven_repository\org\springframework\data\spring-data-keyvalue\2.0.2.RELEASE\spring-data-keyvalue-2.0.2.RELEASE.jar;D:\workspaces_idea\Maven\maven_repository\org\springframework\data\spring-data-commons\2.0.2.RELEASE\spring-data-commons-2.0.2.RELEASE.jar;D:\workspaces_idea\Maven\maven_repository\org\springframework\spring-tx\5.0.2.RELEASE\spring-tx-5.0.2.RELEASE.jar;D:\workspaces_idea\Maven\maven_repository\org\springframework\spring-oxm\5.0.2.RELEASE\spring-oxm-5.0.2.RELEASE.jar;D:\workspaces_idea\Maven\maven_repository\org\springframework\spring-aop\5.0.2.RELEASE\spring-aop-5.0.2.RELEASE.jar;D:\workspaces_idea\Maven\maven_repository\org\springframework\spring-context-support\5.0.2.RELEASE\spring-context-support-5.0.2.RELEASE.jar;D:\workspaces_idea\Maven\maven_repository\org\slf4j\slf4j-api\1.7.25\slf4j-api-1.7.25.jar;D:\workspaces_idea\Maven\maven_repository\io\lettuce\lettuce-core\5.0.1.RELEASE\lettuce-core-5.0.1.RELEASE.jar;D:\workspaces_idea\Maven\maven_repository\io\projectreactor\reactor-core\3.1.2.RELEASE\reactor-core-3.1.2.RELEASE.jar;D:\workspaces_idea\Maven\maven_repository\org\reactivestreams\reactive-streams\1.0.1\reactive-streams-1.0.1.jar;D:\workspaces_idea\Maven\maven_repository\io\netty\netty-common\4.1.17.Final\netty-common-4.1.17.Final.jar;D:\workspaces_idea\Maven\maven_repository\io\netty\netty-transport\4.1.17.Final\netty-transport-4.1.17.Final.jar;D:\workspaces_idea\Maven\maven_repository\io\netty\netty-buffer\4.1.17.Final\netty-buffer-4.1.17.Final.jar;D:\workspaces_idea\Maven\maven_repository\io\netty\netty-resolver\4.1.17.Final\netty-resolver-4.1.17.Final.jar;D:\workspaces_idea\Maven\maven_repository\io\netty\netty-handler\4.1.17.Final\netty-handler-4.1.17.Final.jar;D:\workspaces_idea\Maven\maven_repository\io\netty\netty-codec\4.1.17.Final\netty-codec-4.1.17.Final.jar;D:\workspaces_idea\Maven\maven_repository\org\mybatis\spring\boot\mybatis-spring-boot-starter\1.3.1\mybatis-spring-boot-starter-1.3.1.jar;D:\workspaces_idea\Maven\maven_repository\org\springframework\boot\spring-boot-starter-jdbc\2.0.0.M7\spring-boot-starter-jdbc-2.0.0.M7.jar;D:\workspaces_idea\Maven\maven_repository\com\zaxxer\HikariCP\2.7.4\HikariCP-2.7.4.jar;D:\workspaces_idea\Maven\maven_repository\org\springframework\spring-jdbc\5.0.2.RELEASE\spring-jdbc-5.0.2.RELEASE.jar;D:\workspaces_idea\Maven\maven_repository\org\mybatis\spring\boot\mybatis-spring-boot-autoconfigure\1.3.1\mybatis-spring-boot-autoconfigure-1.3.1.jar;D:\workspaces_idea\Maven\maven_repository\org\mybatis\mybatis\3.4.5\mybatis-3.4.5.jar;D:\workspaces_idea\Maven\maven_repository\org\mybatis\mybatis-spring\1.3.1\mybatis-spring-1.3.1.jar;D:\workspaces_idea\Maven\maven_repository\org\springframework\boot\spring-boot-starter-web\2.0.0.M7\spring-boot-starter-web-2.0.0.M7.jar;D:\workspaces_idea\Maven\maven_repository\org\springframework\boot\spring-boot-starter-json\2.0.0.M7\spring-boot-starter-json-2.0.0.M7.jar;D:\workspaces_idea\Maven\maven_repository\com\fasterxml\jackson\core\jackson-databind\2.9.2\jackson-databind-2.9.2.jar;D:\workspaces_idea\Maven\maven_repository\com\fasterxml\jackson\core\jackson-annotations\2.9.0\jackson-annotations-2.9.0.jar;D:\workspaces_idea\Maven\maven_repository\com\fasterxml\jackson\core\jackson-core\2.9.2\jackson-core-2.9.2.jar;D:\workspaces_idea\Maven\maven_repository\com\fasterxml\jackson\datatype\jackson-datatype-jdk8\2.9.2\jackson-datatype-jdk8-2.9.2.jar;D:\workspaces_idea\Maven\maven_repository\com\fasterxml\jackson\datatype\jackson-datatype-jsr310\2.9.2\jackson-datatype-jsr310-2.9.2.jar;D:\workspaces_idea\Maven\maven_repository\com\fasterxml\jackson\module\jackson-module-parameter-names\2.9.2\jackson-module-parameter-names-2.9.2.jar;D:\workspaces_idea\Maven\maven_repository\org\hibernate\validator\hibernate-validator\6.0.5.Final\hibernate-validator-6.0.5.Final.jar;D:\workspaces_idea\Maven\maven_repository\javax\validation\validation-api\2.0.0.Final\validation-api-2.0.0.Final.jar;D:\workspaces_idea\Maven\maven_repository\org\jboss\logging\jboss-logging\3.3.1.Final\jboss-logging-3.3.1.Final.jar;D:\workspaces_idea\Maven\maven_repository\com\fasterxml\classmate\1.3.4\classmate-1.3.4.jar;D:\workspaces_idea\Maven\maven_repository\org\springframework\spring-web\5.0.2.RELEASE\spring-web-5.0.2.RELEASE.jar;D:\workspaces_idea\Maven\maven_repository\org\springframework\spring-webmvc\5.0.2.RELEASE\spring-webmvc-5.0.2.RELEASE.jar;D:\workspaces_idea\Maven\maven_repository\org\springframework\spring-expression\5.0.2.RELEASE\spring-expression-5.0.2.RELEASE.jar;D:\workspaces_idea\Maven\maven_repository\mysql\mysql-connector-java\5.1.44\mysql-connector-java-5.1.44.jar;D:\workspaces_idea\Maven\maven_repository\org\springframework\boot\spring-boot-starter-tomcat\2.0.0.M7\spring-boot-starter-tomcat-2.0.0.M7.jar;D:\workspaces_idea\Maven\maven_repository\org\apache\tomcat\embed\tomcat-embed-core\8.5.23\tomcat-embed-core-8.5.23.jar;D:\workspaces_idea\Maven\maven_repository\org\apache\tomcat\tomcat-annotations-api\8.5.23\tomcat-annotations-api-8.5.23.jar;D:\workspaces_idea\Maven\maven_repository\org\apache\tomcat\embed\tomcat-embed-el\8.5.23\tomcat-embed-el-8.5.23.jar;D:\workspaces_idea\Maven\maven_repository\org\apache\tomcat\embed\tomcat-embed-websocket\8.5.23\tomcat-embed-websocket-8.5.23.jar;D:\workspaces_idea\Maven\maven_repository\org\springframework\boot\spring-boot-starter-test\2.0.0.M7\spring-boot-starter-test-2.0.0.M7.jar;D:\workspaces_idea\Maven\maven_repository\org\springframework\boot\spring-boot-test\2.0.0.M7\spring-boot-test-2.0.0.M7.jar;D:\workspaces_idea\Maven\maven_repository\org\springframework\boot\spring-boot-test-autoconfigure\2.0.0.M7\spring-boot-test-autoconfigure-2.0.0.M7.jar;D:\workspaces_idea\Maven\maven_repository\com\jayway\jsonpath\json-path\2.4.0\json-path-2.4.0.jar;D:\workspaces_idea\Maven\maven_repository\net\minidev\json-smart\2.3\json-smart-2.3.jar;D:\workspaces_idea\Maven\maven_repository\net\minidev\accessors-smart\1.2\accessors-smart-1.2.jar;D:\workspaces_idea\Maven\maven_repository\org\ow2\asm\asm\5.0.4\asm-5.0.4.jar;D:\workspaces_idea\Maven\maven_repository\junit\junit\4.12\junit-4.12.jar;D:\workspaces_idea\Maven\maven_repository\org\assertj\assertj-core\3.8.0\assertj-core-3.8.0.jar;D:\workspaces_idea\Maven\maven_repository\org\mockito\mockito-core\2.12.0\mockito-core-2.12.0.jar;D:\workspaces_idea\Maven\maven_repository\net\bytebuddy\byte-buddy\1.7.9\byte-buddy-1.7.9.jar;D:\workspaces_idea\Maven\maven_repository\net\bytebuddy\byte-buddy-agent\1.7.9\byte-buddy-agent-1.7.9.jar;D:\workspaces_idea\Maven\maven_repository\org\objenesis\objenesis\2.6\objenesis-2.6.jar;D:\workspaces_idea\Maven\maven_repository\org\hamcrest\hamcrest-core\1.3\hamcrest-core-1.3.jar;D:\workspaces_idea\Maven\maven_repository\org\hamcrest\hamcrest-library\1.3\hamcrest-library-1.3.jar;D:\workspaces_idea\Maven\maven_repository\org\skyscreamer\jsonassert\1.5.0\jsonassert-1.5.0.jar;D:\workspaces_idea\Maven\maven_repository\com\vaadin\external\google\android-json\0.0.20131108.vaadin1\android-json-0.0.20131108.vaadin1.jar;D:\workspaces_idea\Maven\maven_repository\org\springframework\spring-core\5.0.2.RELEASE\spring-core-5.0.2.RELEASE.jar;D:\workspaces_idea\Maven\maven_repository\org\springframework\spring-jcl\5.0.2.RELEASE\spring-jcl-5.0.2.RELEASE.jar;D:\workspaces_idea\Maven\maven_repository\org\springframework\spring-test\5.0.2.RELEASE\spring-test-5.0.2.RELEASE.jar;D:\workspaces_idea\Maven\maven_repository\org\xmlunit\xmlunit-core\2.5.1\xmlunit-core-2.5.1.jar;, java.specification.name=Java Platform API Specification, java.class.version=52.0, sun.management.compiler=HotSpot 64-Bit Tiered Compilers, os.version=10.0, user.home=C:\Users\Administrator, user.timezone=Asia/Shanghai, java.awt.printerjob=sun.awt.windows.WPrinterJob, file.encoding=GBK, java.specification.version=1.8, java.class.path=D:\wh\zh-server\target\test-classes;D:\wh\zh-server\target\classes;D:\workspaces_idea\Maven\maven_repository\org\springframework\cloud\spring-cloud-starter-oauth2\2.0.0.M1\spring-cloud-starter-oauth2-2.0.0.M1.jar;D:\workspaces_idea\Maven\maven_repository\org\springframework\security\oauth\spring-security-oauth2\2.1.1.RELEASE\spring-security-oauth2-2.1.1.RELEASE.jar;D:\workspaces_idea\Maven\maven_repository\org\springframework\spring-beans\5.0.2.RELEASE\spring-beans-5.0.2.RELEASE.jar;D:\workspaces_idea\Maven\maven_repository\org\springframework\spring-context\5.0.2.RELEASE\spring-context-5.0.2.RELEASE.jar;D:\workspaces_idea\Maven\maven_repository\org\springframework\security\spring-security-core\5.0.0.RELEASE\spring-security-core-5.0.0.RELEASE.jar;D:\workspaces_idea\Maven\maven_repository\org\springframework\security\spring-security-config\5.0.0.RELEASE\spring-security-config-5.0.0.RELEASE.jar;D:\workspaces_idea\Maven\maven_repository\org\springframework\security\spring-security-web\5.0.0.RELEASE\spring-security-web-5.0.0.RELEASE.jar;D:\workspaces_idea\Maven\maven_repository\commons-codec\commons-codec\1.11\commons-codec-1.11.jar;D:\workspaces_idea\Maven\maven_repository\org\codehaus\jackson\jackson-mapper-asl\1.9.13\jackson-mapper-asl-1.9.13.jar;D:\workspaces_idea\Maven\maven_repository\org\codehaus\jackson\jackson-core-asl\1.9.13\jackson-core-asl-1.9.13.jar;D:\workspaces_idea\Maven\maven_repository\org\springframework\security\spring-security-jwt\1.0.8.RELEASE\spring-security-jwt-1.0.8.RELEASE.jar;D:\workspaces_idea\Maven\maven_repository\org\bouncycastle\bcpkix-jdk15on\1.56\bcpkix-jdk15on-1.56.jar;D:\workspaces_idea\Maven\maven_repository\org\bouncycastle\bcprov-jdk15on\1.56\bcprov-jdk15on-1.56.jar;D:\workspaces_idea\Maven\maven_repository\org\springframework\cloud\spring-cloud-starter-security\2.0.0.M1\spring-cloud-starter-security-2.0.0.M1.jar;D:\workspaces_idea\Maven\maven_repository\org\springframework\cloud\spring-cloud-starter\2.0.0.M5\spring-cloud-starter-2.0.0.M5.jar;D:\workspaces_idea\Maven\maven_repository\org\springframework\cloud\spring-cloud-context\2.0.0.M5\spring-cloud-context-2.0.0.M5.jar;D:\workspaces_idea\Maven\maven_repository\org\springframework\security\spring-security-crypto\5.0.0.RELEASE\spring-security-crypto-5.0.0.RELEASE.jar;D:\workspaces_idea\Maven\maven_repository\org\springframework\cloud\spring-cloud-commons\2.0.0.M5\spring-cloud-commons-2.0.0.M5.jar;D:\workspaces_idea\Maven\maven_repository\org\apache\httpcomponents\httpclient\4.5.3\httpclient-4.5.3.jar;D:\workspaces_idea\Maven\maven_repository\org\apache\httpcomponents\httpcore\4.4.8\httpcore-4.4.8.jar;D:\workspaces_idea\Maven\maven_repository\org\springframework\security\spring-security-rsa\1.0.5.RELEASE\spring-security-rsa-1.0.5.RELEASE.jar;D:\workspaces_idea\Maven\maven_repository\org\springframework\boot\spring-boot-starter-actuator\2.0.0.M7\spring-boot-starter-actuator-2.0.0.M7.jar;D:\workspaces_idea\Maven\maven_repository\org\springframework\boot\spring-boot-actuator-autoconfigure\2.0.0.M7\spring-boot-actuator-autoconfigure-2.0.0.M7.jar;D:\workspaces_idea\Maven\maven_repository\org\springframework\boot\spring-boot-actuator\2.0.0.M7\spring-boot-actuator-2.0.0.M7.jar;D:\workspaces_idea\Maven\maven_repository\io\micrometer\micrometer-core\1.0.0-rc.5\micrometer-core-1.0.0-rc.5.jar;D:\workspaces_idea\Maven\maven_repository\org\hdrhistogram\HdrHistogram\2.1.10\HdrHistogram-2.1.10.jar;D:\workspaces_idea\Maven\maven_repository\org\latencyutils\LatencyUtils\2.0.3\LatencyUtils-2.0.3.jar;D:\workspaces_idea\Maven\maven_repository\org\springframework\cloud\spring-cloud-security\2.0.0.M1\spring-cloud-security-2.0.0.M1.jar;D:\workspaces_idea\Maven\maven_repository\org\springframework\boot\spring-boot-starter-security\2.0.0.M7\spring-boot-starter-security-2.0.0.M7.jar;D:\workspaces_idea\Maven\maven_repository\org\springframework\boot\spring-boot-starter-data-redis\2.0.0.M7\spring-boot-starter-data-redis-2.0.0.M7.jar;D:\workspaces_idea\Maven\maven_repository\org\springframework\boot\spring-boot-starter\2.0.0.M7\spring-boot-starter-2.0.0.M7.jar;D:\workspaces_idea\Maven\maven_repository\org\springframework\boot\spring-boot\2.0.0.M7\spring-boot-2.0.0.M7.jar;D:\workspaces_idea\Maven\maven_repository\org\springframework\boot\spring-boot-autoconfigure\2.0.0.M7\spring-boot-autoconfigure-2.0.0.M7.jar;D:\workspaces_idea\Maven\maven_repository\org\springframework\boot\spring-boot-starter-logging\2.0.0.M7\spring-boot-starter-logging-2.0.0.M7.jar;D:\workspaces_idea\Maven\maven_repository\ch\qos\logback\logback-classic\1.2.3\logback-classic-1.2.3.jar;D:\workspaces_idea\Maven\maven_repository\ch\qos\logback\logback-core\1.2.3\logback-core-1.2.3.jar;D:\workspaces_idea\Maven\maven_repository\org\apache\logging\log4j\log4j-to-slf4j\2.10.0\log4j-to-slf4j-2.10.0.jar;D:\workspaces_idea\Maven\maven_repository\org\apache\logging\log4j\log4j-api\2.10.0\log4j-api-2.10.0.jar;D:\workspaces_idea\Maven\maven_repository\org\slf4j\jul-to-slf4j\1.7.25\jul-to-slf4j-1.7.25.jar;D:\workspaces_idea\Maven\maven_repository\javax\annotation\javax.annotation-api\1.3.1\javax.annotation-api-1.3.1.jar;D:\workspaces_idea\Maven\maven_repository\org\yaml\snakeyaml\1.19\snakeyaml-1.19.jar;D:\workspaces_idea\Maven\maven_repository\org\springframework\data\spring-data-redis\2.0.2.RELEASE\spring-data-redis-2.0.2.RELEASE.jar;D:\workspaces_idea\Maven\maven_repository\org\springframework\data\spring-data-keyvalue\2.0.2.RELEASE\spring-data-keyvalue-2.0.2.RELEASE.jar;D:\workspaces_idea\Maven\maven_repository\org\springframework\data\spring-data-commons\2.0.2.RELEASE\spring-data-commons-2.0.2.RELEASE.jar;D:\workspaces_idea\Maven\maven_repository\org\springframework\spring-tx\5.0.2.RELEASE\spring-tx-5.0.2.RELEASE.jar;D:\workspaces_idea\Maven\maven_repository\org\springframework\spring-oxm\5.0.2.RELEASE\spring-oxm-5.0.2.RELEASE.jar;D:\workspaces_idea\Maven\maven_repository\org\springframework\spring-aop\5.0.2.RELEASE\spring-aop-5.0.2.RELEASE.jar;D:\workspaces_idea\Maven\maven_repository\org\springframework\spring-context-support\5.0.2.RELEASE\spring-context-support-5.0.2.RELEASE.jar;D:\workspaces_idea\Maven\maven_repository\org\slf4j\slf4j-api\1.7.25\slf4j-api-1.7.25.jar;D:\workspaces_idea\Maven\maven_repository\io\lettuce\lettuce-core\5.0.1.RELEASE\lettuce-core-5.0.1.RELEASE.jar;D:\workspaces_idea\Maven\maven_repository\io\projectreactor\reactor-core\3.1.2.RELEASE\reactor-core-3.1.2.RELEASE.jar;D:\workspaces_idea\Maven\maven_repository\org\reactivestreams\reactive-streams\1.0.1\reactive-streams-1.0.1.jar;D:\workspaces_idea\Maven\maven_repository\io\netty\netty-common\4.1.17.Final\netty-common-4.1.17.Final.jar;D:\workspaces_idea\Maven\maven_repository\io\netty\netty-transport\4.1.17.Final\netty-transport-4.1.17.Final.jar;D:\workspaces_idea\Maven\maven_repository\io\netty\netty-buffer\4.1.17.Final\netty-buffer-4.1.17.Final.jar;D:\workspaces_idea\Maven\maven_repository\io\netty\netty-resolver\4.1.17.Final\netty-resolver-4.1.17.Final.jar;D:\workspaces_idea\Maven\maven_repository\io\netty\netty-handler\4.1.17.Final\netty-handler-4.1.17.Final.jar;D:\workspaces_idea\Maven\maven_repository\io\netty\netty-codec\4.1.17.Final\netty-codec-4.1.17.Final.jar;D:\workspaces_idea\Maven\maven_repository\org\mybatis\spring\boot\mybatis-spring-boot-starter\1.3.1\mybatis-spring-boot-starter-1.3.1.jar;D:\workspaces_idea\Maven\maven_repository\org\springframework\boot\spring-boot-starter-jdbc\2.0.0.M7\spring-boot-starter-jdbc-2.0.0.M7.jar;D:\workspaces_idea\Maven\maven_repository\com\zaxxer\HikariCP\2.7.4\HikariCP-2.7.4.jar;D:\workspaces_idea\Maven\maven_repository\org\springframework\spring-jdbc\5.0.2.RELEASE\spring-jdbc-5.0.2.RELEASE.jar;D:\workspaces_idea\Maven\maven_repository\org\mybatis\spring\boot\mybatis-spring-boot-autoconfigure\1.3.1\mybatis-spring-boot-autoconfigure-1.3.1.jar;D:\workspaces_idea\Maven\maven_repository\org\mybatis\mybatis\3.4.5\mybatis-3.4.5.jar;D:\workspaces_idea\Maven\maven_repository\org\mybatis\mybatis-spring\1.3.1\mybatis-spring-1.3.1.jar;D:\workspaces_idea\Maven\maven_repository\org\springframework\boot\spring-boot-starter-web\2.0.0.M7\spring-boot-starter-web-2.0.0.M7.jar;D:\workspaces_idea\Maven\maven_repository\org\springframework\boot\spring-boot-starter-json\2.0.0.M7\spring-boot-starter-json-2.0.0.M7.jar;D:\workspaces_idea\Maven\maven_repository\com\fasterxml\jackson\core\jackson-databind\2.9.2\jackson-databind-2.9.2.jar;D:\workspaces_idea\Maven\maven_repository\com\fasterxml\jackson\core\jackson-annotations\2.9.0\jackson-annotations-2.9.0.jar;D:\workspaces_idea\Maven\maven_repository\com\fasterxml\jackson\core\jackson-core\2.9.2\jackson-core-2.9.2.jar;D:\workspaces_idea\Maven\maven_repository\com\fasterxml\jackson\datatype\jackson-datatype-jdk8\2.9.2\jackson-datatype-jdk8-2.9.2.jar;D:\workspaces_idea\Maven\maven_repository\com\fasterxml\jackson\datatype\jackson-datatype-jsr310\2.9.2\jackson-datatype-jsr310-2.9.2.jar;D:\workspaces_idea\Maven\maven_repository\com\fasterxml\jackson\module\jackson-module-parameter-names\2.9.2\jackson-module-parameter-names-2.9.2.jar;D:\workspaces_idea\Maven\maven_repository\org\hibernate\validator\hibernate-validator\6.0.5.Final\hibernate-validator-6.0.5.Final.jar;D:\workspaces_idea\Maven\maven_repository\javax\validation\validation-api\2.0.0.Final\validation-api-2.0.0.Final.jar;D:\workspaces_idea\Maven\maven_repository\org\jboss\logging\jboss-logging\3.3.1.Final\jboss-logging-3.3.1.Final.jar;D:\workspaces_idea\Maven\maven_repository\com\fasterxml\classmate\1.3.4\classmate-1.3.4.jar;D:\workspaces_idea\Maven\maven_repository\org\springframework\spring-web\5.0.2.RELEASE\spring-web-5.0.2.RELEASE.jar;D:\workspaces_idea\Maven\maven_repository\org\springframework\spring-webmvc\5.0.2.RELEASE\spring-webmvc-5.0.2.RELEASE.jar;D:\workspaces_idea\Maven\maven_repository\org\springframework\spring-expression\5.0.2.RELEASE\spring-expression-5.0.2.RELEASE.jar;D:\workspaces_idea\Maven\maven_repository\mysql\mysql-connector-java\5.1.44\mysql-connector-java-5.1.44.jar;D:\workspaces_idea\Maven\maven_repository\org\springframework\boot\spring-boot-starter-tomcat\2.0.0.M7\spring-boot-starter-tomcat-2.0.0.M7.jar;D:\workspaces_idea\Maven\maven_repository\org\apache\tomcat\embed\tomcat-embed-core\8.5.23\tomcat-embed-core-8.5.23.jar;D:\workspaces_idea\Maven\maven_repository\org\apache\tomcat\tomcat-annotations-api\8.5.23\tomcat-annotations-api-8.5.23.jar;D:\workspaces_idea\Maven\maven_repository\org\apache\tomcat\embed\tomcat-embed-el\8.5.23\tomcat-embed-el-8.5.23.jar;D:\workspaces_idea\Maven\maven_repository\org\apache\tomcat\embed\tomcat-embed-websocket\8.5.23\tomcat-embed-websocket-8.5.23.jar;D:\workspaces_idea\Maven\maven_repository\org\springframework\boot\spring-boot-starter-test\2.0.0.M7\spring-boot-starter-test-2.0.0.M7.jar;D:\workspaces_idea\Maven\maven_repository\org\springframework\boot\spring-boot-test\2.0.0.M7\spring-boot-test-2.0.0.M7.jar;D:\workspaces_idea\Maven\maven_repository\org\springframework\boot\spring-boot-test-autoconfigure\2.0.0.M7\spring-boot-test-autoconfigure-2.0.0.M7.jar;D:\workspaces_idea\Maven\maven_repository\com\jayway\jsonpath\json-path\2.4.0\json-path-2.4.0.jar;D:\workspaces_idea\Maven\maven_repository\net\minidev\json-smart\2.3\json-smart-2.3.jar;D:\workspaces_idea\Maven\maven_repository\net\minidev\accessors-smart\1.2\accessors-smart-1.2.jar;D:\workspaces_idea\Maven\maven_repository\org\ow2\asm\asm\5.0.4\asm-5.0.4.jar;D:\workspaces_idea\Maven\maven_repository\junit\junit\4.12\junit-4.12.jar;D:\workspaces_idea\Maven\maven_repository\org\assertj\assertj-core\3.8.0\assertj-core-3.8.0.jar;D:\workspaces_idea\Maven\maven_repository\org\mockito\mockito-core\2.12.0\mockito-core-2.12.0.jar;D:\workspaces_idea\Maven\maven_repository\net\bytebuddy\byte-buddy\1.7.9\byte-buddy-1.7.9.jar;D:\workspaces_idea\Maven\maven_repository\net\bytebuddy\byte-buddy-agent\1.7.9\byte-buddy-agent-1.7.9.jar;D:\workspaces_idea\Maven\maven_repository\org\objenesis\objenesis\2.6\objenesis-2.6.jar;D:\workspaces_idea\Maven\maven_repository\org\hamcrest\hamcrest-core\1.3\hamcrest-core-1.3.jar;D:\workspaces_idea\Maven\maven_repository\org\hamcrest\hamcrest-library\1.3\hamcrest-library-1.3.jar;D:\workspaces_idea\Maven\maven_repository\org\skyscreamer\jsonassert\1.5.0\jsonassert-1.5.0.jar;D:\workspaces_idea\Maven\maven_repository\com\vaadin\external\google\android-json\0.0.20131108.vaadin1\android-json-0.0.20131108.vaadin1.jar;D:\workspaces_idea\Maven\maven_repository\org\springframework\spring-core\5.0.2.RELEASE\spring-core-5.0.2.RELEASE.jar;D:\workspaces_idea\Maven\maven_repository\org\springframework\spring-jcl\5.0.2.RELEASE\spring-jcl-5.0.2.RELEASE.jar;D:\workspaces_idea\Maven\maven_repository\org\springframework\spring-test\5.0.2.RELEASE\spring-test-5.0.2.RELEASE.jar;D:\workspaces_idea\Maven\maven_repository\org\xmlunit\xmlunit-core\2.5.1\xmlunit-core-2.5.1.jar;, user.name=Administrator, java.vm.specification.version=1.8, sun.java.command=C:\Users\ADMINI~1\AppData\Local\Temp\surefire4470918855585211707\surefirebooter2128939748589922105.jar C:\Users\Administrator\AppData\Local\Temp\surefire4470918855585211707 2019-08-20T15-26-11_689-jvmRun1 surefire4285550266120217180tmp surefire_04542516188153077526tmp, java.home=C:\Java\jdk1.8.0_131\jre, sun.arch.data.model=64, user.language=zh, java.specification.vendor=Oracle Corporation, awt.toolkit=sun.awt.windows.WToolkit, java.vm.info=mixed mode, java.version=1.8.0_131, java.ext.dirs=C:\Java\jdk1.8.0_131\jre\lib\ext;C:\WINDOWS\Sun\Java\lib\ext, sun.boot.class.path=C:\Java\jdk1.8.0_131\jre\lib\resources.jar;C:\Java\jdk1.8.0_131\jre\lib\rt.jar;C:\Java\jdk1.8.0_131\jre\lib\sunrsasign.jar;C:\Java\jdk1.8.0_131\jre\lib\jsse.jar;C:\Java\jdk1.8.0_131\jre\lib\jce.jar;C:\Java\jdk1.8.0_131\jre\lib\charsets.jar;C:\Java\jdk1.8.0_131\jre\lib\jfr.jar;C:\Java\jdk1.8.0_131\jre\classes, java.vendor=Oracle Corporation, localRepository=D:\workspaces_idea\Maven\maven_repository, file.separator=\, java.vendor.url.bug=http://bugreport.sun.com/bugreport/, sun.io.unicode.encoding=UnicodeLittle, sun.cpu.endian=little, sun.desktop=windows, sun.cpu.isalist=amd64}}, SystemEnvironmentPropertySource@1295226194 {name='systemEnvironment', properties={PATH=C:\Program Files (x86)\Common Files\Oracle\Java\javapath;C:\ProgramData\Oracle\Java\javapath;D:\app\Administrator\product\11.2.0\dbhome_1\bin;C:\WINDOWS\system32;C:\WINDOWS;C:\WINDOWS\System32\Wbem;C:\WINDOWS\System32\WindowsPowerShell\v1.0\;C:\WINDOWS\System32\OpenSSH\;C:\Java\jdk1.8.0_131\bin;D:\MATLAB\R2016b\runtime\win64;D:\MATLAB\R2016b\bin;D:\MATLAB\R2016b\polyspace\bin;D:\MATLAB\R2016b\bin\win64;C:\Program Files\Git\cmd;C:\Program Files\TortoiseGit\bin;C:\Users\Administrator\AppData\Local\Microsoft\WindowsApps;, USERDOMAIN_ROAMINGPROFILE=DESKTOP-S1HB3CB, LOCALAPPDATA=C:\Users\Administrator\AppData\Local, PROCESSOR_LEVEL=6, SYSTEMDRIVE=C:, COMMONPROGRAMFILES(X86)=C:\Program Files (x86)\Common Files, USERDOMAIN=DESKTOP-S1HB3CB, FPS_BROWSER_APP_PROFILE_STRING=Internet Explorer, LOGONSERVER=\\DESKTOP-S1HB3CB, JAVA_HOME=C:\Java\jdk1.8.0_131, PROMPT=$P$G, SESSIONNAME=Console, ALLUSERSPROFILE=C:\ProgramData, PROGRAMFILES(X86)=C:\Program Files (x86), PROCESSOR_ARCHITECTURE=AMD64, DRIVERDATA=C:\Windows\System32\Drivers\DriverData, ERLANG_HOME=C:\Program Files\erl10.4, PROGRAMFILES=C:\Program Files, APPDATA=C:\Users\Administrator\AppData\Roaming, PSMODULEPATH=C:\Program Files\WindowsPowerShell\Modules;C:\WINDOWS\system32\WindowsPowerShell\v1.0\Modules, PROGRAMW6432=C:\Program Files, PROGRAMDATA=C:\ProgramData, SYSTEMROOT=C:\WINDOWS, USERNAME=Administrator, FPS_BROWSER_USER_PROFILE_STRING=Default, ONEDRIVE=C:\Users\Administrator\OneDrive, PATHEXT=.COM;.EXE;.BAT;.CMD;.VBS;.VBE;.JS;.JSE;.WSF;.WSH;.MSC, OS=Windows_NT, COMMONPROGRAMW6432=C:\Program Files\Common Files, COMPUTERNAME=DESKTOP-S1HB3CB, COMMONPROGRAMFILES=C:\Program Files\Common Files, COMSPEC=C:\WINDOWS\system32\cmd.exe, PROCESSOR_REVISION=8e09, WINDIR=C:\WINDOWS, =D:=D:\wh\zh-server, HOMEPATH=\Users\Administrator, TEMP=C:\Users\ADMINI~1\AppData\Local\Temp, HOMEDRIVE=C:, PROCESSOR_IDENTIFIER=Intel64 Family 6 Model 142 Stepping 9, GenuineIntel, USERPROFILE=C:\Users\Administrator, TMP=C:\Users\ADMINI~1\AppData\Local\Temp, PUBLIC=C:\Users\Public, NUMBER_OF_PROCESSORS=4, =::=::\}}]
15:26:21.240 [main] DEBUG org.springframework.core.io.support.PathMatchingResourcePatternResolver - Resolved classpath location [com/zhou/] to resources [URL [file:/D:/wh/zh-server/target/test-classes/com/zhou/], URL [file:/D:/wh/zh-server/target/classes/com/zhou/]]
15:26:21.241 [main] DEBUG org.springframework.core.io.support.PathMatchingResourcePatternResolver - Looking for matching resources in directory tree [D:\wh\zh-server\target\test-classes\com\zhou]
15:26:21.241 [main] DEBUG org.springframework.core.io.support.PathMatchingResourcePatternResolver - Searching directory [D:\wh\zh-server\target\test-classes\com\zhou] for files matching pattern [D:/wh/zh-server/target/test-classes/com/zhou/*.class]
15:26:21.247 [main] DEBUG org.springframework.core.io.support.PathMatchingResourcePatternResolver - Looking for matching resources in directory tree [D:\wh\zh-server\target\classes\com\zhou]
15:26:21.247 [main] DEBUG org.springframework.core.io.support.PathMatchingResourcePatternResolver - Searching directory [D:\wh\zh-server\target\classes\com\zhou] for files matching pattern [D:/wh/zh-server/target/classes/com/zhou/*.class]
15:26:21.250 [main] DEBUG org.springframework.core.io.support.PathMatchingResourcePatternResolver - Resolved location pattern [classpath*:com/zhou/*.class] to resources [file [D:\wh\zh-server\target\test-classes\com\zhou\MyTest.class], file [D:\wh\zh-server\target\test-classes\com\zhou\ZhSpringBootApplicationTests.class], file [D:\wh\zh-server\target\classes\com\zhou\ServletInitializer.class], file [D:\wh\zh-server\target\classes\com\zhou\ZhSpringBootApplication.class]]
15:26:21.380 [main] DEBUG org.springframework.context.annotation.ClassPathScanningCandidateComponentProvider - Identified candidate component class: file [D:\wh\zh-server\target\classes\com\zhou\ZhSpringBootApplication.class]
15:26:21.382 [main] INFO org.springframework.boot.test.context.SpringBootTestContextBootstrapper - Found @SpringBootConfiguration com.zhou.ZhSpringBootApplication for test class com.zhou.ZhSpringBootApplicationTests
15:26:21.600 [main] DEBUG org.springframework.boot.test.context.SpringBootTestContextBootstrapper - @TestExecutionListeners is not present for class [com.zhou.ZhSpringBootApplicationTests]: using defaults.
15:26:21.601 [main] INFO org.springframework.boot.test.context.SpringBootTestContextBootstrapper - Loaded default TestExecutionListener class names from location [META-INF/spring.factories]: [org.springframework.boot.test.mock.mockito.MockitoTestExecutionListener, org.springframework.boot.test.mock.mockito.ResetMocksTestExecutionListener, org.springframework.boot.test.autoconfigure.restdocs.RestDocsTestExecutionListener, org.springframework.boot.test.autoconfigure.web.client.MockRestServiceServerResetTestExecutionListener, org.springframework.boot.test.autoconfigure.web.servlet.MockMvcPrintOnlyOnFailureTestExecutionListener, org.springframework.boot.test.autoconfigure.web.servlet.WebDriverTestExecutionListener, org.springframework.test.context.web.ServletTestExecutionListener, org.springframework.test.context.support.DirtiesContextBeforeModesTestExecutionListener, org.springframework.test.context.support.DependencyInjectionTestExecutionListener, org.springframework.test.context.support.DirtiesContextTestExecutionListener, org.springframework.test.context.transaction.TransactionalTestExecutionListener, org.springframework.test.context.jdbc.SqlScriptsTestExecutionListener]
15:26:22.239 [main] INFO org.springframework.boot.test.context.SpringBootTestContextBootstrapper - Using TestExecutionListeners: [org.springframework.test.context.web.ServletTestExecutionListener@209da20d, org.springframework.test.context.support.DirtiesContextBeforeModesTestExecutionListener@e15b7e8, org.springframework.boot.test.autoconfigure.SpringBootDependencyInjectionTestExecutionListener@1b2abca6, org.springframework.test.context.support.DirtiesContextTestExecutionListener@6392827e, org.springframework.test.context.transaction.TransactionalTestExecutionListener@2ed2d9cb, org.springframework.test.context.jdbc.SqlScriptsTestExecutionListener@d5b810e, org.springframework.boot.test.autoconfigure.web.client.MockRestServiceServerResetTestExecutionListener@43dac38f, org.springframework.boot.test.autoconfigure.web.servlet.MockMvcPrintOnlyOnFailureTestExecutionListener@342c38f8, org.springframework.boot.test.mock.mockito.MockitoTestExecutionListener@c88a337, org.springframework.boot.test.mock.mockito.ResetMocksTestExecutionListener@5d0a1059, org.springframework.boot.test.autoconfigure.restdocs.RestDocsTestExecutionListener@485966cc, org.springframework.boot.test.autoconfigure.web.servlet.WebDriverTestExecutionListener@1de76cc7]
15:26:22.249 [main] DEBUG org.springframework.test.annotation.ProfileValueUtils - Retrieved @ProfileValueSourceConfiguration [null] for test class [com.zhou.ZhSpringBootApplicationTests]
15:26:22.250 [main] DEBUG org.springframework.test.annotation.ProfileValueUtils - Retrieved ProfileValueSource type [class org.springframework.test.annotation.SystemProfileValueSource] for class [com.zhou.ZhSpringBootApplicationTests]
15:26:22.250 [main] DEBUG org.springframework.test.annotation.ProfileValueUtils - Retrieved @ProfileValueSourceConfiguration [null] for test class [com.zhou.ZhSpringBootApplicationTests]
15:26:22.250 [main] DEBUG org.springframework.test.annotation.ProfileValueUtils - Retrieved ProfileValueSource type [class org.springframework.test.annotation.SystemProfileValueSource] for class [com.zhou.ZhSpringBootApplicationTests]
15:26:22.252 [main] DEBUG org.springframework.test.annotation.ProfileValueUtils - Retrieved @ProfileValueSourceConfiguration [null] for test class [com.zhou.ZhSpringBootApplicationTests]
15:26:22.252 [main] DEBUG org.springframework.test.annotation.ProfileValueUtils - Retrieved ProfileValueSource type [class org.springframework.test.annotation.SystemProfileValueSource] for class [com.zhou.ZhSpringBootApplicationTests]
15:26:22.258 [main] DEBUG org.springframework.test.context.support.AbstractDirtiesContextTestExecutionListener - Before test class: context [DefaultTestContext@550dbc7a testClass = ZhSpringBootApplicationTests, testInstance = [null], testMethod = [null], testException = [null], mergedContextConfiguration = [WebMergedContextConfiguration@21282ed8 testClass = ZhSpringBootApplicationTests, locations = '{}', classes = '{class com.zhou.ZhSpringBootApplication}', contextInitializerClasses = '[]', activeProfiles = '{}', propertySourceLocations = '{}', propertySourceProperties = '{org.springframework.boot.test.context.SpringBootTestContextBootstrapper=true}', contextCustomizers = set[org.springframework.boot.test.context.SpringBootTestContextCustomizer@f4168b8, org.springframework.boot.test.context.filter.ExcludeFilterContextCustomizer@74294adb, org.springframework.boot.test.json.DuplicateJsonObjectContextCustomizerFactory$DuplicateJsonObjectContextCustomizer@1188e820, org.springframework.boot.test.mock.mockito.MockitoContextCustomizer@0, org.springframework.boot.test.autoconfigure.properties.PropertyMappingContextCustomizer@0, org.springframework.boot.test.autoconfigure.web.servlet.WebDriverContextCustomizerFactory$Customizer@120d6fe6], resourceBasePath = 'src/main/webapp', contextLoader = 'org.springframework.boot.test.context.SpringBootContextLoader', parent = [null]], attributes = map['org.springframework.test.context.web.ServletTestExecutionListener.activateListener' -> true]], class annotated with @DirtiesContext [false] with mode [null].
15:26:22.259 [main] DEBUG org.springframework.test.annotation.ProfileValueUtils - Retrieved @ProfileValueSourceConfiguration [null] for test class [com.zhou.ZhSpringBootApplicationTests]
15:26:22.259 [main] DEBUG org.springframework.test.annotation.ProfileValueUtils - Retrieved ProfileValueSource type [class org.springframework.test.annotation.SystemProfileValueSource] for class [com.zhou.ZhSpringBootApplicationTests]
15:26:22.286 [main] DEBUG org.springframework.core.env.StandardEnvironment - Adding PropertySource 'systemProperties' with lowest search precedence
15:26:22.287 [main] DEBUG org.springframework.core.env.StandardEnvironment - Adding PropertySource 'systemEnvironment' with lowest search precedence
15:26:22.287 [main] DEBUG org.springframework.core.env.StandardEnvironment - Initialized StandardEnvironment with PropertySources [MapPropertySource@14183023 {name='systemProperties', properties={idea.version=2018.3.5, java.runtime.name=Java(TM) SE Runtime Environment, sun.boot.library.path=C:\Java\jdk1.8.0_131\jre\bin, java.vm.version=25.131-b11, java.vm.vendor=Oracle Corporation, java.vendor.url=http://java.oracle.com/, path.separator=;, java.vm.name=Java HotSpot(TM) 64-Bit Server VM, file.encoding.pkg=sun.io, user.country=CN, user.script=, sun.java.launcher=SUN_STANDARD, sun.os.patch.level=, java.vm.specification.name=Java Virtual Machine Specification, user.dir=D:\wh\zh-server, java.runtime.version=1.8.0_131-b11, basedir=D:\wh\zh-server, java.awt.graphicsenv=sun.awt.Win32GraphicsEnvironment, java.endorsed.dirs=C:\Java\jdk1.8.0_131\jre\lib\endorsed, os.arch=amd64, surefire.real.class.path=C:\Users\ADMINI~1\AppData\Local\Temp\surefire4470918855585211707\surefirebooter2128939748589922105.jar, java.io.tmpdir=C:\Users\ADMINI~1\AppData\Local\Temp\, line.separator=
, java.vm.specification.vendor=Oracle Corporation, user.variant=, os.name=Windows 10, sun.jnu.encoding=GBK, java.library.path=C:\Java\jdk1.8.0_131\jre\bin;C:\WINDOWS\Sun\Java\bin;C:\WINDOWS\system32;C:\WINDOWS;C:\Program Files (x86)\Common Files\Oracle\Java\javapath;C:\ProgramData\Oracle\Java\javapath;D:\app\Administrator\product\11.2.0\dbhome_1\bin;C:\WINDOWS\system32;C:\WINDOWS;C:\WINDOWS\System32\Wbem;C:\WINDOWS\System32\WindowsPowerShell\v1.0\;C:\WINDOWS\System32\OpenSSH\;C:\Java\jdk1.8.0_131\bin;D:\MATLAB\R2016b\runtime\win64;D:\MATLAB\R2016b\bin;D:\MATLAB\R2016b\polyspace\bin;D:\MATLAB\R2016b\bin\win64;C:\Program Files\Git\cmd;C:\Program Files\TortoiseGit\bin;C:\Users\Administrator\AppData\Local\Microsoft\WindowsApps;;., surefire.test.class.path=D:\wh\zh-server\target\test-classes;D:\wh\zh-server\target\classes;D:\workspaces_idea\Maven\maven_repository\org\springframework\cloud\spring-cloud-starter-oauth2\2.0.0.M1\spring-cloud-starter-oauth2-2.0.0.M1.jar;D:\workspaces_idea\Maven\maven_repository\org\springframework\security\oauth\spring-security-oauth2\2.1.1.RELEASE\spring-security-oauth2-2.1.1.RELEASE.jar;D:\workspaces_idea\Maven\maven_repository\org\springframework\spring-beans\5.0.2.RELEASE\spring-beans-5.0.2.RELEASE.jar;D:\workspaces_idea\Maven\maven_repository\org\springframework\spring-context\5.0.2.RELEASE\spring-context-5.0.2.RELEASE.jar;D:\workspaces_idea\Maven\maven_repository\org\springframework\security\spring-security-core\5.0.0.RELEASE\spring-security-core-5.0.0.RELEASE.jar;D:\workspaces_idea\Maven\maven_repository\org\springframework\security\spring-security-config\5.0.0.RELEASE\spring-security-config-5.0.0.RELEASE.jar;D:\workspaces_idea\Maven\maven_repository\org\springframework\security\spring-security-web\5.0.0.RELEASE\spring-security-web-5.0.0.RELEASE.jar;D:\workspaces_idea\Maven\maven_repository\commons-codec\commons-codec\1.11\commons-codec-1.11.jar;D:\workspaces_idea\Maven\maven_repository\org\codehaus\jackson\jackson-mapper-asl\1.9.13\jackson-mapper-asl-1.9.13.jar;D:\workspaces_idea\Maven\maven_repository\org\codehaus\jackson\jackson-core-asl\1.9.13\jackson-core-asl-1.9.13.jar;D:\workspaces_idea\Maven\maven_repository\org\springframework\security\spring-security-jwt\1.0.8.RELEASE\spring-security-jwt-1.0.8.RELEASE.jar;D:\workspaces_idea\Maven\maven_repository\org\bouncycastle\bcpkix-jdk15on\1.56\bcpkix-jdk15on-1.56.jar;D:\workspaces_idea\Maven\maven_repository\org\bouncycastle\bcprov-jdk15on\1.56\bcprov-jdk15on-1.56.jar;D:\workspaces_idea\Maven\maven_repository\org\springframework\cloud\spring-cloud-starter-security\2.0.0.M1\spring-cloud-starter-security-2.0.0.M1.jar;D:\workspaces_idea\Maven\maven_repository\org\springframework\cloud\spring-cloud-starter\2.0.0.M5\spring-cloud-starter-2.0.0.M5.jar;D:\workspaces_idea\Maven\maven_repository\org\springframework\cloud\spring-cloud-context\2.0.0.M5\spring-cloud-context-2.0.0.M5.jar;D:\workspaces_idea\Maven\maven_repository\org\springframework\security\spring-security-crypto\5.0.0.RELEASE\spring-security-crypto-5.0.0.RELEASE.jar;D:\workspaces_idea\Maven\maven_repository\org\springframework\cloud\spring-cloud-commons\2.0.0.M5\spring-cloud-commons-2.0.0.M5.jar;D:\workspaces_idea\Maven\maven_repository\org\apache\httpcomponents\httpclient\4.5.3\httpclient-4.5.3.jar;D:\workspaces_idea\Maven\maven_repository\org\apache\httpcomponents\httpcore\4.4.8\httpcore-4.4.8.jar;D:\workspaces_idea\Maven\maven_repository\org\springframework\security\spring-security-rsa\1.0.5.RELEASE\spring-security-rsa-1.0.5.RELEASE.jar;D:\workspaces_idea\Maven\maven_repository\org\springframework\boot\spring-boot-starter-actuator\2.0.0.M7\spring-boot-starter-actuator-2.0.0.M7.jar;D:\workspaces_idea\Maven\maven_repository\org\springframework\boot\spring-boot-actuator-autoconfigure\2.0.0.M7\spring-boot-actuator-autoconfigure-2.0.0.M7.jar;D:\workspaces_idea\Maven\maven_repository\org\springframework\boot\spring-boot-actuator\2.0.0.M7\spring-boot-actuator-2.0.0.M7.jar;D:\workspaces_idea\Maven\maven_repository\io\micrometer\micrometer-core\1.0.0-rc.5\micrometer-core-1.0.0-rc.5.jar;D:\workspaces_idea\Maven\maven_repository\org\hdrhistogram\HdrHistogram\2.1.10\HdrHistogram-2.1.10.jar;D:\workspaces_idea\Maven\maven_repository\org\latencyutils\LatencyUtils\2.0.3\LatencyUtils-2.0.3.jar;D:\workspaces_idea\Maven\maven_repository\org\springframework\cloud\spring-cloud-security\2.0.0.M1\spring-cloud-security-2.0.0.M1.jar;D:\workspaces_idea\Maven\maven_repository\org\springframework\boot\spring-boot-starter-security\2.0.0.M7\spring-boot-starter-security-2.0.0.M7.jar;D:\workspaces_idea\Maven\maven_repository\org\springframework\boot\spring-boot-starter-data-redis\2.0.0.M7\spring-boot-starter-data-redis-2.0.0.M7.jar;D:\workspaces_idea\Maven\maven_repository\org\springframework\boot\spring-boot-starter\2.0.0.M7\spring-boot-starter-2.0.0.M7.jar;D:\workspaces_idea\Maven\maven_repository\org\springframework\boot\spring-boot\2.0.0.M7\spring-boot-2.0.0.M7.jar;D:\workspaces_idea\Maven\maven_repository\org\springframework\boot\spring-boot-autoconfigure\2.0.0.M7\spring-boot-autoconfigure-2.0.0.M7.jar;D:\workspaces_idea\Maven\maven_repository\org\springframework\boot\spring-boot-starter-logging\2.0.0.M7\spring-boot-starter-logging-2.0.0.M7.jar;D:\workspaces_idea\Maven\maven_repository\ch\qos\logback\logback-classic\1.2.3\logback-classic-1.2.3.jar;D:\workspaces_idea\Maven\maven_repository\ch\qos\logback\logback-core\1.2.3\logback-core-1.2.3.jar;D:\workspaces_idea\Maven\maven_repository\org\apache\logging\log4j\log4j-to-slf4j\2.10.0\log4j-to-slf4j-2.10.0.jar;D:\workspaces_idea\Maven\maven_repository\org\apache\logging\log4j\log4j-api\2.10.0\log4j-api-2.10.0.jar;D:\workspaces_idea\Maven\maven_repository\org\slf4j\jul-to-slf4j\1.7.25\jul-to-slf4j-1.7.25.jar;D:\workspaces_idea\Maven\maven_repository\javax\annotation\javax.annotation-api\1.3.1\javax.annotation-api-1.3.1.jar;D:\workspaces_idea\Maven\maven_repository\org\yaml\snakeyaml\1.19\snakeyaml-1.19.jar;D:\workspaces_idea\Maven\maven_repository\org\springframework\data\spring-data-redis\2.0.2.RELEASE\spring-data-redis-2.0.2.RELEASE.jar;D:\workspaces_idea\Maven\maven_repository\org\springframework\data\spring-data-keyvalue\2.0.2.RELEASE\spring-data-keyvalue-2.0.2.RELEASE.jar;D:\workspaces_idea\Maven\maven_repository\org\springframework\data\spring-data-commons\2.0.2.RELEASE\spring-data-commons-2.0.2.RELEASE.jar;D:\workspaces_idea\Maven\maven_repository\org\springframework\spring-tx\5.0.2.RELEASE\spring-tx-5.0.2.RELEASE.jar;D:\workspaces_idea\Maven\maven_repository\org\springframework\spring-oxm\5.0.2.RELEASE\spring-oxm-5.0.2.RELEASE.jar;D:\workspaces_idea\Maven\maven_repository\org\springframework\spring-aop\5.0.2.RELEASE\spring-aop-5.0.2.RELEASE.jar;D:\workspaces_idea\Maven\maven_repository\org\springframework\spring-context-support\5.0.2.RELEASE\spring-context-support-5.0.2.RELEASE.jar;D:\workspaces_idea\Maven\maven_repository\org\slf4j\slf4j-api\1.7.25\slf4j-api-1.7.25.jar;D:\workspaces_idea\Maven\maven_repository\io\lettuce\lettuce-core\5.0.1.RELEASE\lettuce-core-5.0.1.RELEASE.jar;D:\workspaces_idea\Maven\maven_repository\io\projectreactor\reactor-core\3.1.2.RELEASE\reactor-core-3.1.2.RELEASE.jar;D:\workspaces_idea\Maven\maven_repository\org\reactivestreams\reactive-streams\1.0.1\reactive-streams-1.0.1.jar;D:\workspaces_idea\Maven\maven_repository\io\netty\netty-common\4.1.17.Final\netty-common-4.1.17.Final.jar;D:\workspaces_idea\Maven\maven_repository\io\netty\netty-transport\4.1.17.Final\netty-transport-4.1.17.Final.jar;D:\workspaces_idea\Maven\maven_repository\io\netty\netty-buffer\4.1.17.Final\netty-buffer-4.1.17.Final.jar;D:\workspaces_idea\Maven\maven_repository\io\netty\netty-resolver\4.1.17.Final\netty-resolver-4.1.17.Final.jar;D:\workspaces_idea\Maven\maven_repository\io\netty\netty-handler\4.1.17.Final\netty-handler-4.1.17.Final.jar;D:\workspaces_idea\Maven\maven_repository\io\netty\netty-codec\4.1.17.Final\netty-codec-4.1.17.Final.jar;D:\workspaces_idea\Maven\maven_repository\org\mybatis\spring\boot\mybatis-spring-boot-starter\1.3.1\mybatis-spring-boot-starter-1.3.1.jar;D:\workspaces_idea\Maven\maven_repository\org\springframework\boot\spring-boot-starter-jdbc\2.0.0.M7\spring-boot-starter-jdbc-2.0.0.M7.jar;D:\workspaces_idea\Maven\maven_repository\com\zaxxer\HikariCP\2.7.4\HikariCP-2.7.4.jar;D:\workspaces_idea\Maven\maven_repository\org\springframework\spring-jdbc\5.0.2.RELEASE\spring-jdbc-5.0.2.RELEASE.jar;D:\workspaces_idea\Maven\maven_repository\org\mybatis\spring\boot\mybatis-spring-boot-autoconfigure\1.3.1\mybatis-spring-boot-autoconfigure-1.3.1.jar;D:\workspaces_idea\Maven\maven_repository\org\mybatis\mybatis\3.4.5\mybatis-3.4.5.jar;D:\workspaces_idea\Maven\maven_repository\org\mybatis\mybatis-spring\1.3.1\mybatis-spring-1.3.1.jar;D:\workspaces_idea\Maven\maven_repository\org\springframework\boot\spring-boot-starter-web\2.0.0.M7\spring-boot-starter-web-2.0.0.M7.jar;D:\workspaces_idea\Maven\maven_repository\org\springframework\boot\spring-boot-starter-json\2.0.0.M7\spring-boot-starter-json-2.0.0.M7.jar;D:\workspaces_idea\Maven\maven_repository\com\fasterxml\jackson\core\jackson-databind\2.9.2\jackson-databind-2.9.2.jar;D:\workspaces_idea\Maven\maven_repository\com\fasterxml\jackson\core\jackson-annotations\2.9.0\jackson-annotations-2.9.0.jar;D:\workspaces_idea\Maven\maven_repository\com\fasterxml\jackson\core\jackson-core\2.9.2\jackson-core-2.9.2.jar;D:\workspaces_idea\Maven\maven_repository\com\fasterxml\jackson\datatype\jackson-datatype-jdk8\2.9.2\jackson-datatype-jdk8-2.9.2.jar;D:\workspaces_idea\Maven\maven_repository\com\fasterxml\jackson\datatype\jackson-datatype-jsr310\2.9.2\jackson-datatype-jsr310-2.9.2.jar;D:\workspaces_idea\Maven\maven_repository\com\fasterxml\jackson\module\jackson-module-parameter-names\2.9.2\jackson-module-parameter-names-2.9.2.jar;D:\workspaces_idea\Maven\maven_repository\org\hibernate\validator\hibernate-validator\6.0.5.Final\hibernate-validator-6.0.5.Final.jar;D:\workspaces_idea\Maven\maven_repository\javax\validation\validation-api\2.0.0.Final\validation-api-2.0.0.Final.jar;D:\workspaces_idea\Maven\maven_repository\org\jboss\logging\jboss-logging\3.3.1.Final\jboss-logging-3.3.1.Final.jar;D:\workspaces_idea\Maven\maven_repository\com\fasterxml\classmate\1.3.4\classmate-1.3.4.jar;D:\workspaces_idea\Maven\maven_repository\org\springframework\spring-web\5.0.2.RELEASE\spring-web-5.0.2.RELEASE.jar;D:\workspaces_idea\Maven\maven_repository\org\springframework\spring-webmvc\5.0.2.RELEASE\spring-webmvc-5.0.2.RELEASE.jar;D:\workspaces_idea\Maven\maven_repository\org\springframework\spring-expression\5.0.2.RELEASE\spring-expression-5.0.2.RELEASE.jar;D:\workspaces_idea\Maven\maven_repository\mysql\mysql-connector-java\5.1.44\mysql-connector-java-5.1.44.jar;D:\workspaces_idea\Maven\maven_repository\org\springframework\boot\spring-boot-starter-tomcat\2.0.0.M7\spring-boot-starter-tomcat-2.0.0.M7.jar;D:\workspaces_idea\Maven\maven_repository\org\apache\tomcat\embed\tomcat-embed-core\8.5.23\tomcat-embed-core-8.5.23.jar;D:\workspaces_idea\Maven\maven_repository\org\apache\tomcat\tomcat-annotations-api\8.5.23\tomcat-annotations-api-8.5.23.jar;D:\workspaces_idea\Maven\maven_repository\org\apache\tomcat\embed\tomcat-embed-el\8.5.23\tomcat-embed-el-8.5.23.jar;D:\workspaces_idea\Maven\maven_repository\org\apache\tomcat\embed\tomcat-embed-websocket\8.5.23\tomcat-embed-websocket-8.5.23.jar;D:\workspaces_idea\Maven\maven_repository\org\springframework\boot\spring-boot-starter-test\2.0.0.M7\spring-boot-starter-test-2.0.0.M7.jar;D:\workspaces_idea\Maven\maven_repository\org\springframework\boot\spring-boot-test\2.0.0.M7\spring-boot-test-2.0.0.M7.jar;D:\workspaces_idea\Maven\maven_repository\org\springframework\boot\spring-boot-test-autoconfigure\2.0.0.M7\spring-boot-test-autoconfigure-2.0.0.M7.jar;D:\workspaces_idea\Maven\maven_repository\com\jayway\jsonpath\json-path\2.4.0\json-path-2.4.0.jar;D:\workspaces_idea\Maven\maven_repository\net\minidev\json-smart\2.3\json-smart-2.3.jar;D:\workspaces_idea\Maven\maven_repository\net\minidev\accessors-smart\1.2\accessors-smart-1.2.jar;D:\workspaces_idea\Maven\maven_repository\org\ow2\asm\asm\5.0.4\asm-5.0.4.jar;D:\workspaces_idea\Maven\maven_repository\junit\junit\4.12\junit-4.12.jar;D:\workspaces_idea\Maven\maven_repository\org\assertj\assertj-core\3.8.0\assertj-core-3.8.0.jar;D:\workspaces_idea\Maven\maven_repository\org\mockito\mockito-core\2.12.0\mockito-core-2.12.0.jar;D:\workspaces_idea\Maven\maven_repository\net\bytebuddy\byte-buddy\1.7.9\byte-buddy-1.7.9.jar;D:\workspaces_idea\Maven\maven_repository\net\bytebuddy\byte-buddy-agent\1.7.9\byte-buddy-agent-1.7.9.jar;D:\workspaces_idea\Maven\maven_repository\org\objenesis\objenesis\2.6\objenesis-2.6.jar;D:\workspaces_idea\Maven\maven_repository\org\hamcrest\hamcrest-core\1.3\hamcrest-core-1.3.jar;D:\workspaces_idea\Maven\maven_repository\org\hamcrest\hamcrest-library\1.3\hamcrest-library-1.3.jar;D:\workspaces_idea\Maven\maven_repository\org\skyscreamer\jsonassert\1.5.0\jsonassert-1.5.0.jar;D:\workspaces_idea\Maven\maven_repository\com\vaadin\external\google\android-json\0.0.20131108.vaadin1\android-json-0.0.20131108.vaadin1.jar;D:\workspaces_idea\Maven\maven_repository\org\springframework\spring-core\5.0.2.RELEASE\spring-core-5.0.2.RELEASE.jar;D:\workspaces_idea\Maven\maven_repository\org\springframework\spring-jcl\5.0.2.RELEASE\spring-jcl-5.0.2.RELEASE.jar;D:\workspaces_idea\Maven\maven_repository\org\springframework\spring-test\5.0.2.RELEASE\spring-test-5.0.2.RELEASE.jar;D:\workspaces_idea\Maven\maven_repository\org\xmlunit\xmlunit-core\2.5.1\xmlunit-core-2.5.1.jar;, java.specification.name=Java Platform API Specification, java.class.version=52.0, sun.management.compiler=HotSpot 64-Bit Tiered Compilers, os.version=10.0, user.home=C:\Users\Administrator, user.timezone=Asia/Shanghai, java.awt.printerjob=sun.awt.windows.WPrinterJob, file.encoding=GBK, java.specification.version=1.8, java.class.path=D:\wh\zh-server\target\test-classes;D:\wh\zh-server\target\classes;D:\workspaces_idea\Maven\maven_repository\org\springframework\cloud\spring-cloud-starter-oauth2\2.0.0.M1\spring-cloud-starter-oauth2-2.0.0.M1.jar;D:\workspaces_idea\Maven\maven_repository\org\springframework\security\oauth\spring-security-oauth2\2.1.1.RELEASE\spring-security-oauth2-2.1.1.RELEASE.jar;D:\workspaces_idea\Maven\maven_repository\org\springframework\spring-beans\5.0.2.RELEASE\spring-beans-5.0.2.RELEASE.jar;D:\workspaces_idea\Maven\maven_repository\org\springframework\spring-context\5.0.2.RELEASE\spring-context-5.0.2.RELEASE.jar;D:\workspaces_idea\Maven\maven_repository\org\springframework\security\spring-security-core\5.0.0.RELEASE\spring-security-core-5.0.0.RELEASE.jar;D:\workspaces_idea\Maven\maven_repository\org\springframework\security\spring-security-config\5.0.0.RELEASE\spring-security-config-5.0.0.RELEASE.jar;D:\workspaces_idea\Maven\maven_repository\org\springframework\security\spring-security-web\5.0.0.RELEASE\spring-security-web-5.0.0.RELEASE.jar;D:\workspaces_idea\Maven\maven_repository\commons-codec\commons-codec\1.11\commons-codec-1.11.jar;D:\workspaces_idea\Maven\maven_repository\org\codehaus\jackson\jackson-mapper-asl\1.9.13\jackson-mapper-asl-1.9.13.jar;D:\workspaces_idea\Maven\maven_repository\org\codehaus\jackson\jackson-core-asl\1.9.13\jackson-core-asl-1.9.13.jar;D:\workspaces_idea\Maven\maven_repository\org\springframework\security\spring-security-jwt\1.0.8.RELEASE\spring-security-jwt-1.0.8.RELEASE.jar;D:\workspaces_idea\Maven\maven_repository\org\bouncycastle\bcpkix-jdk15on\1.56\bcpkix-jdk15on-1.56.jar;D:\workspaces_idea\Maven\maven_repository\org\bouncycastle\bcprov-jdk15on\1.56\bcprov-jdk15on-1.56.jar;D:\workspaces_idea\Maven\maven_repository\org\springframework\cloud\spring-cloud-starter-security\2.0.0.M1\spring-cloud-starter-security-2.0.0.M1.jar;D:\workspaces_idea\Maven\maven_repository\org\springframework\cloud\spring-cloud-starter\2.0.0.M5\spring-cloud-starter-2.0.0.M5.jar;D:\workspaces_idea\Maven\maven_repository\org\springframework\cloud\spring-cloud-context\2.0.0.M5\spring-cloud-context-2.0.0.M5.jar;D:\workspaces_idea\Maven\maven_repository\org\springframework\security\spring-security-crypto\5.0.0.RELEASE\spring-security-crypto-5.0.0.RELEASE.jar;D:\workspaces_idea\Maven\maven_repository\org\springframework\cloud\spring-cloud-commons\2.0.0.M5\spring-cloud-commons-2.0.0.M5.jar;D:\workspaces_idea\Maven\maven_repository\org\apache\httpcomponents\httpclient\4.5.3\httpclient-4.5.3.jar;D:\workspaces_idea\Maven\maven_repository\org\apache\httpcomponents\httpcore\4.4.8\httpcore-4.4.8.jar;D:\workspaces_idea\Maven\maven_repository\org\springframework\security\spring-security-rsa\1.0.5.RELEASE\spring-security-rsa-1.0.5.RELEASE.jar;D:\workspaces_idea\Maven\maven_repository\org\springframework\boot\spring-boot-starter-actuator\2.0.0.M7\spring-boot-starter-actuator-2.0.0.M7.jar;D:\workspaces_idea\Maven\maven_repository\org\springframework\boot\spring-boot-actuator-autoconfigure\2.0.0.M7\spring-boot-actuator-autoconfigure-2.0.0.M7.jar;D:\workspaces_idea\Maven\maven_repository\org\springframework\boot\spring-boot-actuator\2.0.0.M7\spring-boot-actuator-2.0.0.M7.jar;D:\workspaces_idea\Maven\maven_repository\io\micrometer\micrometer-core\1.0.0-rc.5\micrometer-core-1.0.0-rc.5.jar;D:\workspaces_idea\Maven\maven_repository\org\hdrhistogram\HdrHistogram\2.1.10\HdrHistogram-2.1.10.jar;D:\workspaces_idea\Maven\maven_repository\org\latencyutils\LatencyUtils\2.0.3\LatencyUtils-2.0.3.jar;D:\workspaces_idea\Maven\maven_repository\org\springframework\cloud\spring-cloud-security\2.0.0.M1\spring-cloud-security-2.0.0.M1.jar;D:\workspaces_idea\Maven\maven_repository\org\springframework\boot\spring-boot-starter-security\2.0.0.M7\spring-boot-starter-security-2.0.0.M7.jar;D:\workspaces_idea\Maven\maven_repository\org\springframework\boot\spring-boot-starter-data-redis\2.0.0.M7\spring-boot-starter-data-redis-2.0.0.M7.jar;D:\workspaces_idea\Maven\maven_repository\org\springframework\boot\spring-boot-starter\2.0.0.M7\spring-boot-starter-2.0.0.M7.jar;D:\workspaces_idea\Maven\maven_repository\org\springframework\boot\spring-boot\2.0.0.M7\spring-boot-2.0.0.M7.jar;D:\workspaces_idea\Maven\maven_repository\org\springframework\boot\spring-boot-autoconfigure\2.0.0.M7\spring-boot-autoconfigure-2.0.0.M7.jar;D:\workspaces_idea\Maven\maven_repository\org\springframework\boot\spring-boot-starter-logging\2.0.0.M7\spring-boot-starter-logging-2.0.0.M7.jar;D:\workspaces_idea\Maven\maven_repository\ch\qos\logback\logback-classic\1.2.3\logback-classic-1.2.3.jar;D:\workspaces_idea\Maven\maven_repository\ch\qos\logback\logback-core\1.2.3\logback-core-1.2.3.jar;D:\workspaces_idea\Maven\maven_repository\org\apache\logging\log4j\log4j-to-slf4j\2.10.0\log4j-to-slf4j-2.10.0.jar;D:\workspaces_idea\Maven\maven_repository\org\apache\logging\log4j\log4j-api\2.10.0\log4j-api-2.10.0.jar;D:\workspaces_idea\Maven\maven_repository\org\slf4j\jul-to-slf4j\1.7.25\jul-to-slf4j-1.7.25.jar;D:\workspaces_idea\Maven\maven_repository\javax\annotation\javax.annotation-api\1.3.1\javax.annotation-api-1.3.1.jar;D:\workspaces_idea\Maven\maven_repository\org\yaml\snakeyaml\1.19\snakeyaml-1.19.jar;D:\workspaces_idea\Maven\maven_repository\org\springframework\data\spring-data-redis\2.0.2.RELEASE\spring-data-redis-2.0.2.RELEASE.jar;D:\workspaces_idea\Maven\maven_repository\org\springframework\data\spring-data-keyvalue\2.0.2.RELEASE\spring-data-keyvalue-2.0.2.RELEASE.jar;D:\workspaces_idea\Maven\maven_repository\org\springframework\data\spring-data-commons\2.0.2.RELEASE\spring-data-commons-2.0.2.RELEASE.jar;D:\workspaces_idea\Maven\maven_repository\org\springframework\spring-tx\5.0.2.RELEASE\spring-tx-5.0.2.RELEASE.jar;D:\workspaces_idea\Maven\maven_repository\org\springframework\spring-oxm\5.0.2.RELEASE\spring-oxm-5.0.2.RELEASE.jar;D:\workspaces_idea\Maven\maven_repository\org\springframework\spring-aop\5.0.2.RELEASE\spring-aop-5.0.2.RELEASE.jar;D:\workspaces_idea\Maven\maven_repository\org\springframework\spring-context-support\5.0.2.RELEASE\spring-context-support-5.0.2.RELEASE.jar;D:\workspaces_idea\Maven\maven_repository\org\slf4j\slf4j-api\1.7.25\slf4j-api-1.7.25.jar;D:\workspaces_idea\Maven\maven_repository\io\lettuce\lettuce-core\5.0.1.RELEASE\lettuce-core-5.0.1.RELEASE.jar;D:\workspaces_idea\Maven\maven_repository\io\projectreactor\reactor-core\3.1.2.RELEASE\reactor-core-3.1.2.RELEASE.jar;D:\workspaces_idea\Maven\maven_repository\org\reactivestreams\reactive-streams\1.0.1\reactive-streams-1.0.1.jar;D:\workspaces_idea\Maven\maven_repository\io\netty\netty-common\4.1.17.Final\netty-common-4.1.17.Final.jar;D:\workspaces_idea\Maven\maven_repository\io\netty\netty-transport\4.1.17.Final\netty-transport-4.1.17.Final.jar;D:\workspaces_idea\Maven\maven_repository\io\netty\netty-buffer\4.1.17.Final\netty-buffer-4.1.17.Final.jar;D:\workspaces_idea\Maven\maven_repository\io\netty\netty-resolver\4.1.17.Final\netty-resolver-4.1.17.Final.jar;D:\workspaces_idea\Maven\maven_repository\io\netty\netty-handler\4.1.17.Final\netty-handler-4.1.17.Final.jar;D:\workspaces_idea\Maven\maven_repository\io\netty\netty-codec\4.1.17.Final\netty-codec-4.1.17.Final.jar;D:\workspaces_idea\Maven\maven_repository\org\mybatis\spring\boot\mybatis-spring-boot-starter\1.3.1\mybatis-spring-boot-starter-1.3.1.jar;D:\workspaces_idea\Maven\maven_repository\org\springframework\boot\spring-boot-starter-jdbc\2.0.0.M7\spring-boot-starter-jdbc-2.0.0.M7.jar;D:\workspaces_idea\Maven\maven_repository\com\zaxxer\HikariCP\2.7.4\HikariCP-2.7.4.jar;D:\workspaces_idea\Maven\maven_repository\org\springframework\spring-jdbc\5.0.2.RELEASE\spring-jdbc-5.0.2.RELEASE.jar;D:\workspaces_idea\Maven\maven_repository\org\mybatis\spring\boot\mybatis-spring-boot-autoconfigure\1.3.1\mybatis-spring-boot-autoconfigure-1.3.1.jar;D:\workspaces_idea\Maven\maven_repository\org\mybatis\mybatis\3.4.5\mybatis-3.4.5.jar;D:\workspaces_idea\Maven\maven_repository\org\mybatis\mybatis-spring\1.3.1\mybatis-spring-1.3.1.jar;D:\workspaces_idea\Maven\maven_repository\org\springframework\boot\spring-boot-starter-web\2.0.0.M7\spring-boot-starter-web-2.0.0.M7.jar;D:\workspaces_idea\Maven\maven_repository\org\springframework\boot\spring-boot-starter-json\2.0.0.M7\spring-boot-starter-json-2.0.0.M7.jar;D:\workspaces_idea\Maven\maven_repository\com\fasterxml\jackson\core\jackson-databind\2.9.2\jackson-databind-2.9.2.jar;D:\workspaces_idea\Maven\maven_repository\com\fasterxml\jackson\core\jackson-annotations\2.9.0\jackson-annotations-2.9.0.jar;D:\workspaces_idea\Maven\maven_repository\com\fasterxml\jackson\core\jackson-core\2.9.2\jackson-core-2.9.2.jar;D:\workspaces_idea\Maven\maven_repository\com\fasterxml\jackson\datatype\jackson-datatype-jdk8\2.9.2\jackson-datatype-jdk8-2.9.2.jar;D:\workspaces_idea\Maven\maven_repository\com\fasterxml\jackson\datatype\jackson-datatype-jsr310\2.9.2\jackson-datatype-jsr310-2.9.2.jar;D:\workspaces_idea\Maven\maven_repository\com\fasterxml\jackson\module\jackson-module-parameter-names\2.9.2\jackson-module-parameter-names-2.9.2.jar;D:\workspaces_idea\Maven\maven_repository\org\hibernate\validator\hibernate-validator\6.0.5.Final\hibernate-validator-6.0.5.Final.jar;D:\workspaces_idea\Maven\maven_repository\javax\validation\validation-api\2.0.0.Final\validation-api-2.0.0.Final.jar;D:\workspaces_idea\Maven\maven_repository\org\jboss\logging\jboss-logging\3.3.1.Final\jboss-logging-3.3.1.Final.jar;D:\workspaces_idea\Maven\maven_repository\com\fasterxml\classmate\1.3.4\classmate-1.3.4.jar;D:\workspaces_idea\Maven\maven_repository\org\springframework\spring-web\5.0.2.RELEASE\spring-web-5.0.2.RELEASE.jar;D:\workspaces_idea\Maven\maven_repository\org\springframework\spring-webmvc\5.0.2.RELEASE\spring-webmvc-5.0.2.RELEASE.jar;D:\workspaces_idea\Maven\maven_repository\org\springframework\spring-expression\5.0.2.RELEASE\spring-expression-5.0.2.RELEASE.jar;D:\workspaces_idea\Maven\maven_repository\mysql\mysql-connector-java\5.1.44\mysql-connector-java-5.1.44.jar;D:\workspaces_idea\Maven\maven_repository\org\springframework\boot\spring-boot-starter-tomcat\2.0.0.M7\spring-boot-starter-tomcat-2.0.0.M7.jar;D:\workspaces_idea\Maven\maven_repository\org\apache\tomcat\embed\tomcat-embed-core\8.5.23\tomcat-embed-core-8.
[...]
	at org.springframework.beans.factory.support.AbstractBeanFactory.doGetBean(AbstractBeanFactory.java:310) ~[spring-beans-5.0.2.RELEASE.jar:5.0.2.RELEASE]
	at org.springframework.beans.factory.support.AbstractBeanFactory.getBean(AbstractBeanFactory.java:200) ~[spring-beans-5.0.2.RELEASE.jar:5.0.2.RELEASE]
	at org.springframework.beans.factory.support.ConstructorResolver.instantiateUsingFactoryMethod(ConstructorResolver.java:368) ~[spring-beans-5.0.2.RELEASE.jar:5.0.2.RELEASE]
	at org.springframework.beans.factory.support.AbstractAutowireCapableBeanFactory.instantiateUsingFactoryMethod(AbstractAutowireCapableBeanFactory.java:1250) ~[spring-beans-5.0.2.RELEASE.jar:5.0.2.RELEASE]
	at org.springframework.beans.factory.support.AbstractAutowireCapableBeanFactory.createBeanInstance(AbstractAutowireCapableBeanFactory.java:1099) ~[spring-beans-5.0.2.RELEASE.jar:5.0.2.RELEASE]
	at org.springframework.beans.factory.support.AbstractAutowireCapableBeanFactory.doCreateBean(AbstractAutowireCapableBeanFactory.java:545) ~[spring-beans-5.0.2.RELEASE.jar:5.0.2.RELEASE]
	at org.springframework.beans.factory.support.AbstractAutowireCapableBeanFactory.createBean(AbstractAutowireCapableBeanFactory.java:502) ~[spring-beans-5.0.2.RELEASE.jar:5.0.2.RELEASE]
	at org.springframework.beans.factory.support.AbstractBeanFactory.lambda$doGetBean$0(AbstractBeanFactory.java:312) ~[spring-beans-5.0.2.RELEASE.jar:5.0.2.RELEASE]
	at org.springframework.beans.factory.support.DefaultSingletonBeanRegistry.getSingleton(DefaultSingletonBeanRegistry.java:228) ~[spring-beans-5.0.2.RELEASE.jar:5.0.2.RELEASE]
	at org.springframework.beans.factory.support.AbstractBeanFactory.doGetBean(AbstractBeanFactory.java:310) ~[spring-beans-5.0.2.RELEASE.jar:5.0.2.RELEASE]
	at org.springframework.beans.factory.support.AbstractBeanFactory.getBean(AbstractBeanFactory.java:200) ~[spring-beans-5.0.2.RELEASE.jar:5.0.2.RELEASE]
	at org.springframework.beans.factory.config.DependencyDescriptor.resolveCandidate(DependencyDescriptor.java:251) ~[spring-beans-5.0.2.RELEASE.jar:5.0.2.RELEASE]
	at org.springframework.beans.factory.support.DefaultListableBeanFactory.doResolveDependency(DefaultListableBeanFactory.java:1135) ~[spring-beans-5.0.2.RELEASE.jar:5.0.2.RELEASE]
	at org.springframework.beans.factory.support.DefaultListableBeanFactory.resolveDependency(DefaultListableBeanFactory.java:1062) ~[spring-beans-5.0.2.RELEASE.jar:5.0.2.RELEASE]
	at org.springframework.beans.factory.annotation.AutowiredAnnotationBeanPostProcessor$AutowiredFieldElement.inject(AutowiredAnnotationBeanPostProcessor.java:583) ~[spring-beans-5.0.2.RELEASE.jar:5.0.2.RELEASE]
	... 67 common frames omitted
Caused by: org.springframework.beans.factory.UnsatisfiedDependencyException: Error creating bean with name 'myUserDetailsService': Unsatisfied dependency expressed through field 'userDao'; nested exception is org.springframework.beans.factory.UnsatisfiedDependencyException: Error creating bean with name 'userDao' defined in file [D:\wh\zh-server\target\classes\com\zhou\dao\UserDao.class]: Unsatisfied dependency expressed through bean property 'sqlSessionFactory'; nested exception is org.springframework.beans.factory.BeanCreationException: Error creating bean with name 'sqlSessionFactory' defined in class path resource [org/mybatis/spring/boot/autoconfigure/MybatisAutoConfiguration.class]: Bean instantiation via factory method failed; nested exception is org.springframework.beans.BeanInstantiationException: Failed to instantiate [org.apache.ibatis.session.SqlSessionFactory]: Factory method 'sqlSessionFactory' threw exception; nested exception is org.springframework.core.NestedIOException: Failed to parse mapping resource: 'file [D:\wh\zh-server\target\classes\mybatis\mapper\MenuMapper.xml]'; nested exception is org.apache.ibatis.builder.BuilderException: Error parsing Mapper XML. Cause: org.apache.ibatis.builder.BuilderException: Error resolving class. Cause: org.apache.ibatis.type.TypeException: Could not resolve type alias 'com.wanghuan.model.sys.MenuEntity'.  Cause: java.lang.ClassNotFoundException: Cannot find class: com.wanghuan.model.sys.MenuEntity
	at org.springframework.beans.factory.annotation.AutowiredAnnotationBeanPostProcessor$AutowiredFieldElement.inject(AutowiredAnnotationBeanPostProcessor.java:586) ~[spring-beans-5.0.2.RELEASE.jar:5.0.2.RELEASE]
	at org.springframework.beans.factory.annotation.InjectionMetadata.inject(InjectionMetadata.java:91) ~[spring-beans-5.0.2.RELEASE.jar:5.0.2.RELEASE]
	at org.springframework.beans.factory.annotation.AutowiredAnnotationBeanPostProcessor.postProcessPropertyValues(AutowiredAnnotationBeanPostProcessor.java:372) ~[spring-beans-5.0.2.RELEASE.jar:5.0.2.RELEASE]
	at org.springframework.beans.factory.support.AbstractAutowireCapableBeanFactory.populateBean(AbstractAutowireCapableBeanFactory.java:1344) ~[spring-beans-5.0.2.RELEASE.jar:5.0.2.RELEASE]
	at org.springframework.beans.factory.support.AbstractAutowireCapableBeanFactory.doCreateBean(AbstractAutowireCapableBeanFactory.java:582) ~[spring-beans-5.0.2.RELEASE.jar:5.0.2.RELEASE]
	at org.springframework.beans.factory.support.AbstractAutowireCapableBeanFactory.createBean(AbstractAutowireCapableBeanFactory.java:502) ~[spring-beans-5.0.2.RELEASE.jar:5.0.2.RELEASE]
	at org.springframework.beans.factory.support.AbstractBeanFactory.lambda$doGetBean$0(AbstractBeanFactory.java:312) ~[spring-beans-5.0.2.RELEASE.jar:5.0.2.RELEASE]
	at org.springframework.beans.factory.support.DefaultSingletonBeanRegistry.getSingleton(DefaultSingletonBeanRegistry.java:228) ~[spring-beans-5.0.2.RELEASE.jar:5.0.2.RELEASE]
	at org.springframework.beans.factory.support.AbstractBeanFactory.doGetBean(AbstractBeanFactory.java:310) ~[spring-beans-5.0.2.RELEASE.jar:5.0.2.RELEASE]
	at org.springframework.beans.factory.support.AbstractBeanFactory.getBean(AbstractBeanFactory.java:200) ~[spring-beans-5.0.2.RELEASE.jar:5.0.2.RELEASE]
	at org.springframework.beans.factory.config.DependencyDescriptor.resolveCandidate(DependencyDescriptor.java:251) ~[spring-beans-5.0.2.RELEASE.jar:5.0.2.RELEASE]
	at org.springframework.beans.factory.support.DefaultListableBeanFactory.doResolveDependency(DefaultListableBeanFactory.java:1135) ~[spring-beans-5.0.2.RELEASE.jar:5.0.2.RELEASE]
	at org.springframework.beans.factory.support.DefaultListableBeanFactory.resolveDependency(DefaultListableBeanFactory.java:1062) ~[spring-beans-5.0.2.RELEASE.jar:5.0.2.RELEASE]
	at org.springframework.beans.factory.annotation.AutowiredAnnotationBeanPostProcessor$AutowiredFieldElement.inject(AutowiredAnnotationBeanPostProcessor.java:583) ~[spring-beans-5.0.2.RELEASE.jar:5.0.2.RELEASE]
	... 89 common frames omitted
Caused by: org.springframework.beans.factory.UnsatisfiedDependencyException: Error creating bean with name 'userDao' defined in file [D:\wh\zh-server\target\classes\com\zhou\dao\UserDao.class]: Unsatisfied dependency expressed through bean property 'sqlSessionFactory'; nested exception is org.springframework.beans.factory.BeanCreationException: Error creating bean with name 'sqlSessionFactory' defined in class path resource [org/mybatis/spring/boot/autoconfigure/MybatisAutoConfiguration.class]: Bean instantiation via factory method failed; nested exception is org.springframework.beans.BeanInstantiationException: Failed to instantiate [org.apache.ibatis.session.SqlSessionFactory]: Factory method 'sqlSessionFactory' threw exception; nested exception is org.springframework.core.NestedIOException: Failed to parse mapping resource: 'file [D:\wh\zh-server\target\classes\mybatis\mapper\MenuMapper.xml]'; nested exception is org.apache.ibatis.builder.BuilderException: Error parsing Mapper XML. Cause: org.apache.ibatis.builder.BuilderException: Error resolving class. Cause: org.apache.ibatis.type.TypeException: Could not resolve type alias 'com.wanghuan.model.sys.MenuEntity'.  Cause: java.lang.ClassNotFoundException: Cannot find class: com.wanghuan.model.sys.MenuEntity
	at org.springframework.beans.factory.support.AbstractAutowireCapableBeanFactory.autowireByType(AbstractAutowireCapableBeanFactory.java:1439) ~[spring-beans-5.0.2.RELEASE.jar:5.0.2.RELEASE]
	at org.springframework.beans.factory.support.AbstractAutowireCapableBeanFactory.populateBean(AbstractAutowireCapableBeanFactory.java:1326) ~[spring-beans-5.0.2.RELEASE.jar:5.0.2.RELEASE]
	at org.springframework.beans.factory.support.AbstractAutowireCapableBeanFactory.doCreateBean(AbstractAutowireCapableBeanFactory.java:582) ~[spring-beans-5.0.2.RELEASE.jar:5.0.2.RELEASE]
	at org.springframework.beans.factory.support.AbstractAutowireCapableBeanFactory.createBean(AbstractAutowireCapableBeanFactory.java:502) ~[spring-beans-5.0.2.RELEASE.jar:5.0.2.RELEASE]
	at org.springframework.beans.factory.support.AbstractBeanFactory.lambda$doGetBean$0(AbstractBeanFactory.java:312) ~[spring-beans-5.0.2.RELEASE.jar:5.0.2.RELEASE]
	at org.springframework.beans.factory.support.DefaultSingletonBeanRegistry.getSingleton(DefaultSingletonBeanRegistry.java:228) ~[spring-beans-5.0.2.RELEASE.jar:5.0.2.RELEASE]
	at org.springframework.beans.factory.support.AbstractBeanFactory.doGetBean(AbstractBeanFactory.java:310) ~[spring-beans-5.0.2.RELEASE.jar:5.0.2.RELEASE]
	at org.springframework.beans.factory.support.AbstractBeanFactory.getBean(AbstractBeanFactory.java:200) ~[spring-beans-5.0.2.RELEASE.jar:5.0.2.RELEASE]
	at org.springframework.beans.factory.config.DependencyDescriptor.resolveCandidate(DependencyDescriptor.java:251) ~[spring-beans-5.0.2.RELEASE.jar:5.0.2.RELEASE]
	at org.springframework.beans.factory.support.DefaultListableBeanFactory.doResolveDependency(DefaultListableBeanFactory.java:1135) ~[spring-beans-5.0.2.RELEASE.jar:5.0.2.RELEASE]
	at org.springframework.beans.factory.support.DefaultListableBeanFactory.resolveDependency(DefaultListableBeanFactory.java:1062) ~[spring-beans-5.0.2.RELEASE.jar:5.0.2.RELEASE]
	at org.springframework.beans.factory.annotation.AutowiredAnnotationBeanPostProcessor$AutowiredFieldElement.inject(AutowiredAnnotationBeanPostProcessor.java:583) ~[spring-beans-5.0.2.RELEASE.jar:5.0.2.RELEASE]
	... 102 common frames omitted
Caused by: org.springframework.beans.factory.BeanCreationException: Error creating bean with name 'sqlSessionFactory' defined in class path resource [org/mybatis/spring/boot/autoconfigure/MybatisAutoConfiguration.class]: Bean instantiation via factory method failed; nested exception is org.springframework.beans.BeanInstantiationException: Failed to instantiate [org.apache.ibatis.session.SqlSessionFactory]: Factory method 'sqlSessionFactory' threw exception; nested exception is org.springframework.core.NestedIOException: Failed to parse mapping resource: 'file [D:\wh\zh-server\target\classes\mybatis\mapper\MenuMapper.xml]'; nested exception is org.apache.ibatis.builder.BuilderException: Error parsing Mapper XML. Cause: org.apache.ibatis.builder.BuilderException: Error resolving class. Cause: org.apache.ibatis.type.TypeException: Could not resolve type alias 'com.wanghuan.model.sys.MenuEntity'.  Cause: java.lang.ClassNotFoundException: Cannot find class: com.wanghuan.model.sys.MenuEntity
	at org.springframework.beans.factory.support.ConstructorResolver.instantiateUsingFactoryMethod(ConstructorResolver.java:587) ~[spring-beans-5.0.2.RELEASE.jar:5.0.2.RELEASE]
	at org.springframework.beans.factory.support.AbstractAutowireCapableBeanFactory.instantiateUsingFactoryMethod(AbstractAutowireCapableBeanFactory.java:1250) ~[spring-beans-5.0.2.RELEASE.jar:5.0.2.RELEASE]
	at org.springframework.beans.factory.support.AbstractAutowireCapableBeanFactory.createBeanInstance(AbstractAutowireCapableBeanFactory.java:1099) ~[spring-beans-5.0.2.RELEASE.jar:5.0.2.RELEASE]
	at org.springframework.beans.factory.support.AbstractAutowireCapableBeanFactory.doCreateBean(AbstractAutowireCapableBeanFactory.java:545) ~[spring-beans-5.0.2.RELEASE.jar:5.0.2.RELEASE]
	at org.springframework.beans.factory.support.AbstractAutowireCapableBeanFactory.createBean(AbstractAutowireCapableBeanFactory.java:502) ~[spring-beans-5.0.2.RELEASE.jar:5.0.2.RELEASE]
	at org.springframework.beans.factory.support.AbstractBeanFactory.lambda$doGetBean$0(AbstractBeanFactory.java:312) ~[spring-beans-5.0.2.RELEASE.jar:5.0.2.RELEASE]
	at org.springframework.beans.factory.support.DefaultSingletonBeanRegistry.getSingleton(DefaultSingletonBeanRegistry.java:228) ~[spring-beans-5.0.2.RELEASE.jar:5.0.2.RELEASE]
	at org.springframework.beans.factory.support.AbstractBeanFactory.doGetBean(AbstractBeanFactory.java:310) ~[spring-beans-5.0.2.RELEASE.jar:5.0.2.RELEASE]
	at org.springframework.beans.factory.support.AbstractBeanFactory.getBean(AbstractBeanFactory.java:200) ~[spring-beans-5.0.2.RELEASE.jar:5.0.2.RELEASE]
	at org.springframework.beans.factory.config.DependencyDescriptor.resolveCandidate(DependencyDescriptor.java:251) ~[spring-beans-5.0.2.RELEASE.jar:5.0.2.RELEASE]
	at org.springframework.beans.factory.support.DefaultListableBeanFactory.doResolveDependency(DefaultListableBeanFactory.java:1135) ~[spring-beans-5.0.2.RELEASE.jar:5.0.2.RELEASE]
	at org.springframework.beans.factory.support.DefaultListableBeanFactory.resolveDependency(DefaultListableBeanFactory.java:1062) ~[spring-beans-5.0.2.RELEASE.jar:5.0.2.RELEASE]
	at org.springframework.beans.factory.support.AbstractAutowireCapableBeanFactory.autowireByType(AbstractAutowireCapableBeanFactory.java:1424) ~[spring-beans-5.0.2.RELEASE.jar:5.0.2.RELEASE]
	... 113 common frames omitted
Caused by: org.springframework.beans.BeanInstantiationException: Failed to instantiate [org.apache.ibatis.session.SqlSessionFactory]: Factory method 'sqlSessionFactory' threw exception; nested exception is org.springframework.core.NestedIOException: Failed to parse mapping resource: 'file [D:\wh\zh-server\target\classes\mybatis\mapper\MenuMapper.xml]'; nested exception is org.apache.ibatis.builder.BuilderException: Error parsing Mapper XML. Cause: org.apache.ibatis.builder.BuilderException: Error resolving class. Cause: org.apache.ibatis.type.TypeException: Could not resolve type alias 'com.wanghuan.model.sys.MenuEntity'.  Cause: java.lang.ClassNotFoundException: Cannot find class: com.wanghuan.model.sys.MenuEntity
	at org.springframework.beans.factory.support.SimpleInstantiationStrategy.instantiate(SimpleInstantiationStrategy.java:185) ~[spring-beans-5.0.2.RELEASE.jar:5.0.2.RELEASE]
	at org.springframework.beans.factory.support.ConstructorResolver.instantiateUsingFactoryMethod(ConstructorResolver.java:579) ~[spring-beans-5.0.2.RELEASE.jar:5.0.2.RELEASE]
	... 125 common frames omitted
Caused by: org.springframework.core.NestedIOException: Failed to parse mapping resource: 'file [D:\wh\zh-server\target\classes\mybatis\mapper\MenuMapper.xml]'; nested exception is org.apache.ibatis.builder.BuilderException: Error parsing Mapper XML. Cause: org.apache.ibatis.builder.BuilderException: Error resolving class. Cause: org.apache.ibatis.type.TypeException: Could not resolve type alias 'com.wanghuan.model.sys.MenuEntity'.  Cause: java.lang.ClassNotFoundException: Cannot find class: com.wanghuan.model.sys.MenuEntity
	at org.mybatis.spring.SqlSessionFactoryBean.buildSqlSessionFactory(SqlSessionFactoryBean.java:523) ~[mybatis-spring-1.3.1.jar:1.3.1]
	at org.mybatis.spring.SqlSessionFactoryBean.afterPropertiesSet(SqlSessionFactoryBean.java:380) ~[mybatis-spring-1.3.1.jar:1.3.1]
	at org.mybatis.spring.SqlSessionFactoryBean.getObject(SqlSessionFactoryBean.java:547) ~[mybatis-spring-1.3.1.jar:1.3.1]
	at org.mybatis.spring.boot.autoconfigure.MybatisAutoConfiguration.sqlSessionFactory(MybatisAutoConfiguration.java:153) ~[mybatis-spring-boot-autoconfigure-1.3.1.jar:1.3.1]
	at org.mybatis.spring.boot.autoconfigure.MybatisAutoConfiguration$$EnhancerBySpringCGLIB$$f9bceeec.CGLIB$sqlSessionFactory$0(<generated>) ~[mybatis-spring-boot-autoconfigure-1.3.1.jar:1.3.1]
	at org.mybatis.spring.boot.autoconfigure.MybatisAutoConfiguration$$EnhancerBySpringCGLIB$$f9bceeec$$FastClassBySpringCGLIB$$a6c3bd80.invoke(<generated>) ~[mybatis-spring-boot-autoconfigure-1.3.1.jar:1.3.1]
	at org.springframework.cglib.proxy.MethodProxy.invokeSuper(MethodProxy.java:228) ~[spring-core-5.0.2.RELEASE.jar:5.0.2.RELEASE]
	at org.springframework.context.annotation.ConfigurationClassEnhancer$BeanMethodInterceptor.intercept(ConfigurationClassEnhancer.java:361) ~[spring-context-5.0.2.RELEASE.jar:5.0.2.RELEASE]
	at org.mybatis.spring.boot.autoconfigure.MybatisAutoConfiguration$$EnhancerBySpringCGLIB$$f9bceeec.sqlSessionFactory(<generated>) ~[mybatis-spring-boot-autoconfigure-1.3.1.jar:1.3.1]
	at sun.reflect.NativeMethodAccessorImpl.invoke0(Native Method) ~[na:1.8.0_131]
	at sun.reflect.NativeMethodAccessorImpl.invoke(NativeMethodAccessorImpl.java:62) ~[na:1.8.0_131]
	at sun.reflect.DelegatingMethodAccessorImpl.invoke(DelegatingMethodAccessorImpl.java:43) ~[na:1.8.0_131]
	at java.lang.reflect.Method.invoke(Method.java:498) ~[na:1.8.0_131]
	at org.springframework.beans.factory.support.SimpleInstantiationStrategy.instantiate(SimpleInstantiationStrategy.java:154) ~[spring-beans-5.0.2.RELEASE.jar:5.0.2.RELEASE]
	... 126 common frames omitted
Caused by: org.apache.ibatis.builder.BuilderException: Error parsing Mapper XML. Cause: org.apache.ibatis.builder.BuilderException: Error resolving class. Cause: org.apache.ibatis.type.TypeException: Could not resolve type alias 'com.wanghuan.model.sys.MenuEntity'.  Cause: java.lang.ClassNotFoundException: Cannot find class: com.wanghuan.model.sys.MenuEntity
	at org.apache.ibatis.builder.xml.XMLMapperBuilder.configurationElement(XMLMapperBuilder.java:120) ~[mybatis-3.4.5.jar:3.4.5]
	at org.apache.ibatis.builder.xml.XMLMapperBuilder.parse(XMLMapperBuilder.java:92) ~[mybatis-3.4.5.jar:3.4.5]
	at org.mybatis.spring.SqlSessionFactoryBean.buildSqlSessionFactory(SqlSessionFactoryBean.java:521) ~[mybatis-spring-1.3.1.jar:1.3.1]
	... 139 common frames omitted
Caused by: org.apache.ibatis.builder.BuilderException: Error resolving class. Cause: org.apache.ibatis.type.TypeException: Could not resolve type alias 'com.wanghuan.model.sys.MenuEntity'.  Cause: java.lang.ClassNotFoundException: Cannot find class: com.wanghuan.model.sys.MenuEntity
	at org.apache.ibatis.builder.BaseBuilder.resolveClass(BaseBuilder.java:118) ~[mybatis-3.4.5.jar:3.4.5]
	at org.apache.ibatis.builder.xml.XMLMapperBuilder.resultMapElement(XMLMapperBuilder.java:265) ~[mybatis-3.4.5.jar:3.4.5]
	at org.apache.ibatis.builder.xml.XMLMapperBuilder.resultMapElement(XMLMapperBuilder.java:252) ~[mybatis-3.4.5.jar:3.4.5]
	at org.apache.ibatis.builder.xml.XMLMapperBuilder.resultMapElements(XMLMapperBuilder.java:244) ~[mybatis-3.4.5.jar:3.4.5]
	at org.apache.ibatis.builder.xml.XMLMapperBuilder.configurationElement(XMLMapperBuilder.java:116) ~[mybatis-3.4.5.jar:3.4.5]
	... 141 common frames omitted
Caused by: org.apache.ibatis.type.TypeException: Could not resolve type alias 'com.wanghuan.model.sys.MenuEntity'.  Cause: java.lang.ClassNotFoundException: Cannot find class: com.wanghuan.model.sys.MenuEntity
	at org.apache.ibatis.type.TypeAliasRegistry.resolveAlias(TypeAliasRegistry.java:120) ~[mybatis-3.4.5.jar:3.4.5]
	at org.apache.ibatis.builder.BaseBuilder.resolveAlias(BaseBuilder.java:149) ~[mybatis-3.4.5.jar:3.4.5]
	at org.apache.ibatis.builder.BaseBuilder.resolveClass(BaseBuilder.java:116) ~[mybatis-3.4.5.jar:3.4.5]
	... 145 common frames omitted
Caused by: java.lang.ClassNotFoundException: Cannot find class: com.wanghuan.model.sys.MenuEntity
	at org.apache.ibatis.io.ClassLoaderWrapper.classForName(ClassLoaderWrapper.java:200) ~[mybatis-3.4.5.jar:3.4.5]
	at org.apache.ibatis.io.ClassLoaderWrapper.classForName(ClassLoaderWrapper.java:89) ~[mybatis-3.4.5.jar:3.4.5]
	at org.apache.ibatis.io.Resources.classForName(Resources.java:261) ~[mybatis-3.4.5.jar:3.4.5]
	at org.apache.ibatis.type.TypeAliasRegistry.resolveAlias(TypeAliasRegistry.java:116) ~[mybatis-3.4.5.jar:3.4.5]
	... 147 common frames omitted

]]></system-out>
  </testcase>
</testsuite>